2014-12-16 21:05:07.759 [IPControllerApp] Hub listening on tcp://127.0.0.1:54273 for registration.
2014-12-16 21:05:07.761 [IPControllerApp] Hub using DB backend: 'NoDB'
2014-12-16 21:05:08.013 [IPControllerApp] hub::created hub
2014-12-16 21:05:08.013 [IPControllerApp] writing connection info to /Users/elsdrm/.ipython/profile_default/security/ipcontroller-client.json
2014-12-16 21:05:08.014 [IPControllerApp] writing connection info to /Users/elsdrm/.ipython/profile_default/security/ipcontroller-engine.json
2014-12-16 21:05:08.014 [IPControllerApp] task::using Python leastload Task scheduler
2014-12-16 21:05:08.015 [IPControllerApp] Heartmonitor started
2014-12-16 21:05:08.036 [IPControllerApp] Creating pid file: /Users/elsdrm/.ipython/profile_default/pid/ipcontroller.pid
2014-12-16 21:05:08.056 [IPControllerApp] client::client '\x00\x80\x00A\xa7' requested u'connection_request'
2014-12-16 21:05:08.056 [IPControllerApp] client::client ['\x00\x80\x00A\xa7'] connected
2014-12-16 21:05:09.012 [IPControllerApp] client::client '278f6aaa-eae1-46b1-9b29-dd7a9bd44e6e' requested u'registration_request'
2014-12-16 21:05:09.023 [IPControllerApp] client::client 'a2b8a91f-330a-4efe-a1dd-ece62a163fbf' requested u'registration_request'
2014-12-16 21:05:09.320 [IPControllerApp] WARNING | iopub::IOPub message lacks parent: {'parent_header': {}, 'msg_type': u'status', 'msg_id': u'94d48828-8330-4925-b84c-06276b9898e1', 'content': {u'execution_state': u'starting'}, 'header': {u'date': datetime.datetime(2014, 12, 16, 21, 5, 9, 315535), u'username': u'elsdrm', u'session': u'278f6aaa-eae1-46b1-9b29-dd7a9bd44e6e', u'msg_id': u'94d48828-8330-4925-b84c-06276b9898e1', u'msg_type': u'status'}, 'buffers': [], 'metadata': {}}
2014-12-16 21:05:09.357 [IPControllerApp] WARNING | iopub::IOPub message lacks parent: {'parent_header': {}, 'msg_type': u'status', 'msg_id': u'5aa747c0-fe59-454a-8f3c-fd9d8814ca23', 'content': {u'execution_state': u'starting'}, 'header': {u'date': datetime.datetime(2014, 12, 16, 21, 5, 9, 356411), u'username': u'elsdrm', u'session': u'a2b8a91f-330a-4efe-a1dd-ece62a163fbf', u'msg_id': u'5aa747c0-fe59-454a-8f3c-fd9d8814ca23', u'msg_type': u'status'}, 'buffers': [], 'metadata': {}}
2014-12-16 21:05:09.422 [IPControllerApp] client::client 'f1e7975d-a8ac-4778-960f-89b5fa80719b' requested u'registration_request'
2014-12-16 21:05:09.554 [IPControllerApp] client::client '937b4302-aa12-4bee-90ef-70216adc14f7' requested u'registration_request'
2014-12-16 21:05:09.732 [IPControllerApp] WARNING | iopub::IOPub message lacks parent: {'parent_header': {}, 'msg_type': u'status', 'msg_id': u'f3d8584b-91f6-412e-b792-1e8d2b238631', 'content': {u'execution_state': u'starting'}, 'header': {u'date': datetime.datetime(2014, 12, 16, 21, 5, 9, 731698), u'username': u'elsdrm', u'session': u'f1e7975d-a8ac-4778-960f-89b5fa80719b', u'msg_id': u'f3d8584b-91f6-412e-b792-1e8d2b238631', u'msg_type': u'status'}, 'buffers': [], 'metadata': {}}
2014-12-16 21:05:09.939 [IPControllerApp] WARNING | iopub::IOPub message lacks parent: {'parent_header': {}, 'msg_type': u'status', 'msg_id': u'e03d765a-b942-48ed-a670-7befde0b6a67', 'content': {u'execution_state': u'starting'}, 'header': {u'date': datetime.datetime(2014, 12, 16, 21, 5, 9, 937227), u'username': u'elsdrm', u'session': u'937b4302-aa12-4bee-90ef-70216adc14f7', u'msg_id': u'e03d765a-b942-48ed-a670-7befde0b6a67', u'msg_type': u'status'}, 'buffers': [], 'metadata': {}}
2014-12-16 21:05:10.195 [IPControllerApp] client::client '8fbce6ad-3262-4552-91ca-2a98d806b482' requested u'registration_request'
2014-12-16 21:05:10.246 [IPControllerApp] client::client '5331bc32-3de5-4fdd-bbe8-2e3ed64b01c2' requested u'registration_request'
2014-12-16 21:05:10.319 [IPControllerApp] client::client 'c6caaa95-cec0-4edd-87ee-bc28980ed68d' requested u'registration_request'
2014-12-16 21:05:10.482 [IPControllerApp] WARNING | iopub::IOPub message lacks parent: {'parent_header': {}, 'msg_type': u'status', 'msg_id': u'05b23813-76e7-4687-a50d-bbc298138be3', 'content': {u'execution_state': u'starting'}, 'header': {u'date': datetime.datetime(2014, 12, 16, 21, 5, 10, 481136), u'username': u'elsdrm', u'session': u'8fbce6ad-3262-4552-91ca-2a98d806b482', u'msg_id': u'05b23813-76e7-4687-a50d-bbc298138be3', u'msg_type': u'status'}, 'buffers': [], 'metadata': {}}
2014-12-16 21:05:10.502 [IPControllerApp] client::client 'cfc27c34-3e55-4c56-8fb3-681c89a2227a' requested u'registration_request'
2014-12-16 21:05:10.503 [IPControllerApp] WARNING | iopub::IOPub message lacks parent: {'parent_header': {}, 'msg_type': u'status', 'msg_id': u'4545e8b2-0d86-47d3-bd50-075464fbb7df', 'content': {u'execution_state': u'starting'}, 'header': {u'date': datetime.datetime(2014, 12, 16, 21, 5, 10, 501655), u'username': u'elsdrm', u'session': u'5331bc32-3de5-4fdd-bbe8-2e3ed64b01c2', u'msg_id': u'4545e8b2-0d86-47d3-bd50-075464fbb7df', u'msg_type': u'status'}, 'buffers': [], 'metadata': {}}
2014-12-16 21:05:10.573 [IPControllerApp] client::client '50f42ea4-8eb9-4d2a-b212-1bc7dda4d010' requested u'registration_request'
2014-12-16 21:05:10.578 [IPControllerApp] client::client '4f90cf28-8555-480a-a7f0-a0d32d4ffcf2' requested u'registration_request'
2014-12-16 21:05:10.648 [IPControllerApp] WARNING | iopub::IOPub message lacks parent: {'parent_header': {}, 'msg_type': u'status', 'msg_id': u'4e0c0c9e-f8f9-4e69-9e22-bcd8cbe3189b', 'content': {u'execution_state': u'starting'}, 'header': {u'date': datetime.datetime(2014, 12, 16, 21, 5, 10, 646674), u'username': u'elsdrm', u'session': u'c6caaa95-cec0-4edd-87ee-bc28980ed68d', u'msg_id': u'4e0c0c9e-f8f9-4e69-9e22-bcd8cbe3189b', u'msg_type': u'status'}, 'buffers': [], 'metadata': {}}
2014-12-16 21:05:10.789 [IPControllerApp] WARNING | iopub::IOPub message lacks parent: {'parent_header': {}, 'msg_type': u'status', 'msg_id': u'fe607c32-bf19-4920-baac-6f419b164cbf', 'content': {u'execution_state': u'starting'}, 'header': {u'date': datetime.datetime(2014, 12, 16, 21, 5, 10, 788809), u'username': u'elsdrm', u'session': u'cfc27c34-3e55-4c56-8fb3-681c89a2227a', u'msg_id': u'fe607c32-bf19-4920-baac-6f419b164cbf', u'msg_type': u'status'}, 'buffers': [], 'metadata': {}}
2014-12-16 21:05:10.837 [IPControllerApp] client::client '970f5a62-d44f-48e4-81d4-0ddf37d89108' requested u'registration_request'
2014-12-16 21:05:10.862 [IPControllerApp] WARNING | iopub::IOPub message lacks parent: {'parent_header': {}, 'msg_type': u'status', 'msg_id': u'95138cba-52b9-4981-b4d0-8c70086406a4', 'content': {u'execution_state': u'starting'}, 'header': {u'date': datetime.datetime(2014, 12, 16, 21, 5, 10, 861750), u'username': u'elsdrm', u'session': u'50f42ea4-8eb9-4d2a-b212-1bc7dda4d010', u'msg_id': u'95138cba-52b9-4981-b4d0-8c70086406a4', u'msg_type': u'status'}, 'buffers': [], 'metadata': {}}
2014-12-16 21:05:10.863 [IPControllerApp] WARNING | iopub::IOPub message lacks parent: {'parent_header': {}, 'msg_type': u'status', 'msg_id': u'd2c79ad5-987a-4b76-8cde-4a3983432ef0', 'content': {u'execution_state': u'starting'}, 'header': {u'date': datetime.datetime(2014, 12, 16, 21, 5, 10, 862570), u'username': u'elsdrm', u'session': u'4f90cf28-8555-480a-a7f0-a0d32d4ffcf2', u'msg_id': u'd2c79ad5-987a-4b76-8cde-4a3983432ef0', u'msg_type': u'status'}, 'buffers': [], 'metadata': {}}
2014-12-16 21:05:10.881 [IPControllerApp] client::client '748ab64a-0cfd-4dad-ba9d-a041ed4b1772' requested u'registration_request'
2014-12-16 21:05:10.897 [IPControllerApp] client::client '8c8db474-417e-45a3-8c00-f86e5b7d11f0' requested u'registration_request'
2014-12-16 21:05:10.989 [IPControllerApp] client::client '43e85138-e353-4e00-b6ab-ef1bbefef036' requested u'registration_request'
2014-12-16 21:05:11.020 [IPControllerApp] client::client '857d6e3e-e6ea-4263-a9ec-18daca005d27' requested u'registration_request'
2014-12-16 21:05:11.040 [IPControllerApp] WARNING | iopub::IOPub message lacks parent: {'parent_header': {}, 'msg_type': u'status', 'msg_id': u'd0146745-e38e-4990-8b60-0795179e2e72', 'content': {u'execution_state': u'starting'}, 'header': {u'date': datetime.datetime(2014, 12, 16, 21, 5, 11, 39120), u'username': u'elsdrm', u'session': u'970f5a62-d44f-48e4-81d4-0ddf37d89108', u'msg_id': u'd0146745-e38e-4990-8b60-0795179e2e72', u'msg_type': u'status'}, 'buffers': [], 'metadata': {}}
2014-12-16 21:05:11.063 [IPControllerApp] WARNING | iopub::IOPub message lacks parent: {'parent_header': {}, 'msg_type': u'status', 'msg_id': u'8bee3f96-20ae-4d92-9788-4bb9b84af6f7', 'content': {u'execution_state': u'starting'}, 'header': {u'date': datetime.datetime(2014, 12, 16, 21, 5, 11, 60755), u'username': u'elsdrm', u'session': u'748ab64a-0cfd-4dad-ba9d-a041ed4b1772', u'msg_id': u'8bee3f96-20ae-4d92-9788-4bb9b84af6f7', u'msg_type': u'status'}, 'buffers': [], 'metadata': {}}
2014-12-16 21:05:11.085 [IPControllerApp] WARNING | iopub::IOPub message lacks parent: {'parent_header': {}, 'msg_type': u'status', 'msg_id': u'1ee60ad4-0dca-448d-b2ec-d2a01bb0e9e9', 'content': {u'execution_state': u'starting'}, 'header': {u'date': datetime.datetime(2014, 12, 16, 21, 5, 11, 84227), u'username': u'elsdrm', u'session': u'8c8db474-417e-45a3-8c00-f86e5b7d11f0', u'msg_id': u'1ee60ad4-0dca-448d-b2ec-d2a01bb0e9e9', u'msg_type': u'status'}, 'buffers': [], 'metadata': {}}
2014-12-16 21:05:11.127 [IPControllerApp] client::client 'afbeb1cf-d2a1-4c5d-b040-e7af88cbcddb' requested u'registration_request'
2014-12-16 21:05:11.131 [IPControllerApp] WARNING | iopub::IOPub message lacks parent: {'parent_header': {}, 'msg_type': u'status', 'msg_id': u'4233723b-ed28-4ee4-922d-5849d22f39c2', 'content': {u'execution_state': u'starting'}, 'header': {u'date': datetime.datetime(2014, 12, 16, 21, 5, 11, 130576), u'username': u'elsdrm', u'session': u'43e85138-e353-4e00-b6ab-ef1bbefef036', u'msg_id': u'4233723b-ed28-4ee4-922d-5849d22f39c2', u'msg_type': u'status'}, 'buffers': [], 'metadata': {}}
2014-12-16 21:05:11.159 [IPControllerApp] WARNING | iopub::IOPub message lacks parent: {'parent_header': {}, 'msg_type': u'status', 'msg_id': u'e8334b07-8b0f-478d-a2fe-a0f2fa0c7ed3', 'content': {u'execution_state': u'starting'}, 'header': {u'date': datetime.datetime(2014, 12, 16, 21, 5, 11, 158483), u'username': u'elsdrm', u'session': u'857d6e3e-e6ea-4263-a9ec-18daca005d27', u'msg_id': u'e8334b07-8b0f-478d-a2fe-a0f2fa0c7ed3', u'msg_type': u'status'}, 'buffers': [], 'metadata': {}}
2014-12-16 21:05:11.243 [IPControllerApp] WARNING | iopub::IOPub message lacks parent: {'parent_header': {}, 'msg_type': u'status', 'msg_id': u'4c179efd-9fff-45e0-aba7-d0dacda8eed7', 'content': {u'execution_state': u'starting'}, 'header': {u'date': datetime.datetime(2014, 12, 16, 21, 5, 11, 240266), u'username': u'elsdrm', u'session': u'afbeb1cf-d2a1-4c5d-b040-e7af88cbcddb', u'msg_id': u'4c179efd-9fff-45e0-aba7-d0dacda8eed7', u'msg_type': u'status'}, 'buffers': [], 'metadata': {}}
2014-12-16 21:05:14.018 [IPControllerApp] registration::finished registering engine 10:970f5a62-d44f-48e4-81d4-0ddf37d89108
2014-12-16 21:05:14.019 [IPControllerApp] engine::Engine Connected: 10
2014-12-16 21:05:14.019 [IPControllerApp] registration::finished registering engine 8:50f42ea4-8eb9-4d2a-b212-1bc7dda4d010
2014-12-16 21:05:14.020 [IPControllerApp] engine::Engine Connected: 8
2014-12-16 21:05:14.020 [IPControllerApp] registration::finished registering engine 4:8fbce6ad-3262-4552-91ca-2a98d806b482
2014-12-16 21:05:14.020 [IPControllerApp] engine::Engine Connected: 4
2014-12-16 21:05:14.021 [IPControllerApp] registration::finished registering engine 5:5331bc32-3de5-4fdd-bbe8-2e3ed64b01c2
2014-12-16 21:05:14.021 [IPControllerApp] engine::Engine Connected: 5
2014-12-16 21:05:14.021 [IPControllerApp] registration::finished registering engine 1:a2b8a91f-330a-4efe-a1dd-ece62a163fbf
2014-12-16 21:05:14.022 [IPControllerApp] engine::Engine Connected: 1
2014-12-16 21:05:14.022 [IPControllerApp] registration::finished registering engine 11:748ab64a-0cfd-4dad-ba9d-a041ed4b1772
2014-12-16 21:05:14.022 [IPControllerApp] engine::Engine Connected: 11
2014-12-16 21:05:14.023 [IPControllerApp] registration::finished registering engine 2:f1e7975d-a8ac-4778-960f-89b5fa80719b
2014-12-16 21:05:14.023 [IPControllerApp] engine::Engine Connected: 2
2014-12-16 21:05:14.024 [IPControllerApp] registration::finished registering engine 6:c6caaa95-cec0-4edd-87ee-bc28980ed68d
2014-12-16 21:05:14.024 [IPControllerApp] engine::Engine Connected: 6
2014-12-16 21:05:14.024 [IPControllerApp] registration::finished registering engine 7:cfc27c34-3e55-4c56-8fb3-681c89a2227a
2014-12-16 21:05:14.025 [IPControllerApp] engine::Engine Connected: 7
2014-12-16 21:05:14.025 [IPControllerApp] registration::finished registering engine 3:937b4302-aa12-4bee-90ef-70216adc14f7
2014-12-16 21:05:14.026 [IPControllerApp] engine::Engine Connected: 3
2014-12-16 21:05:14.026 [IPControllerApp] registration::finished registering engine 0:278f6aaa-eae1-46b1-9b29-dd7a9bd44e6e
2014-12-16 21:05:14.027 [IPControllerApp] engine::Engine Connected: 0
2014-12-16 21:05:14.027 [IPControllerApp] registration::finished registering engine 9:4f90cf28-8555-480a-a7f0-a0d32d4ffcf2
2014-12-16 21:05:14.027 [IPControllerApp] engine::Engine Connected: 9
2014-12-16 21:05:14.028 [IPControllerApp] registration::finished registering engine 12:8c8db474-417e-45a3-8c00-f86e5b7d11f0
2014-12-16 21:05:14.028 [IPControllerApp] engine::Engine Connected: 12
2014-12-16 21:05:14.028 [IPControllerApp] registration::finished registering engine 13:43e85138-e353-4e00-b6ab-ef1bbefef036
2014-12-16 21:05:14.029 [IPControllerApp] engine::Engine Connected: 13
2014-12-16 21:05:17.015 [IPControllerApp] registration::finished registering engine 15:afbeb1cf-d2a1-4c5d-b040-e7af88cbcddb
2014-12-16 21:05:17.016 [IPControllerApp] engine::Engine Connected: 15
2014-12-16 21:05:17.016 [IPControllerApp] registration::finished registering engine 14:857d6e3e-e6ea-4263-a9ec-18daca005d27
2014-12-16 21:05:17.017 [IPControllerApp] engine::Engine Connected: 14
2014-12-16 21:05:50.975 [IPControllerApp] client::client '\x00\x80\x00A\xa8' requested u'connection_request'
2014-12-16 21:05:50.975 [IPControllerApp] client::client ['\x00\x80\x00A\xa8'] connected
2014-12-16 21:06:02.520 [IPControllerApp] queue::client '\x00\x06\x05\x8e\xd8' submitted request u'16083feb-f7b4-4d89-bf1e-03881922b9d2' to 0
2014-12-16 21:06:02.521 [IPControllerApp] queue::client '\x00\x06\x05\x8e\xd8' submitted request u'c778c342-3c74-49f0-899c-e5c7b200e90a' to 1
2014-12-16 21:06:02.522 [IPControllerApp] queue::client '\x00\x06\x05\x8e\xd8' submitted request u'dcda63f1-8282-4315-ae23-6e929f12cd4c' to 2
2014-12-16 21:06:02.522 [IPControllerApp] queue::client '\x00\x06\x05\x8e\xd8' submitted request u'796e7596-cbc9-4213-8c56-856038314f63' to 3
2014-12-16 21:06:02.523 [IPControllerApp] queue::client '\x00\x06\x05\x8e\xd8' submitted request u'f051c34e-4ae4-4098-a02c-c495f136cdcb' to 4
2014-12-16 21:06:02.523 [IPControllerApp] queue::client '\x00\x06\x05\x8e\xd8' submitted request u'4fe9ab06-ce16-41ee-a9a0-8bef979bd9ab' to 5
2014-12-16 21:06:02.524 [IPControllerApp] queue::client '\x00\x06\x05\x8e\xd8' submitted request u'23f0cc89-ddca-4c40-acbb-d90fc8237b71' to 6
2014-12-16 21:06:02.524 [IPControllerApp] queue::client '\x00\x06\x05\x8e\xd8' submitted request u'9ba972a9-4042-4726-826e-eb0a84768230' to 7
2014-12-16 21:06:02.525 [IPControllerApp] queue::client '\x00\x06\x05\x8e\xd8' submitted request u'69555533-d56f-46c6-8a7b-a5dd74932d72' to 8
2014-12-16 21:06:02.526 [IPControllerApp] queue::client '\x00\x06\x05\x8e\xd8' submitted request u'ab232623-d355-4395-b465-f87fb25820d5' to 9
2014-12-16 21:06:02.526 [IPControllerApp] queue::client '\x00\x06\x05\x8e\xd8' submitted request u'8c253853-a64d-41d5-a658-f120929282c5' to 10
2014-12-16 21:06:02.526 [IPControllerApp] queue::client '\x00\x06\x05\x8e\xd8' submitted request u'1834c21c-cd68-47d3-8760-64968c32af41' to 11
2014-12-16 21:06:02.527 [IPControllerApp] queue::client '\x00\x06\x05\x8e\xd8' submitted request u'dfea8431-92bf-4094-bfd6-135327caae0f' to 12
2014-12-16 21:06:02.527 [IPControllerApp] queue::client '\x00\x06\x05\x8e\xd8' submitted request u'f994cdb7-d059-46c2-b33d-7dc4ec654596' to 13
2014-12-16 21:06:02.528 [IPControllerApp] queue::client '\x00\x06\x05\x8e\xd8' submitted request u'49a9fee2-159a-4684-8658-974ac600abc5' to 14
2014-12-16 21:06:02.528 [IPControllerApp] queue::client '\x00\x06\x05\x8e\xd8' submitted request u'7e24a64f-7fbe-4cbc-ba98-86ddf75a2a4c' to 15
2014-12-16 21:06:24.706 [IPControllerApp] CRITICAL | Received signal 2, shutting down
2014-12-16 21:06:24.706 [IPControllerApp] CRITICAL | terminating children...
