2014-12-16 12:04:13.595 [IPEngineApp] Loading url_file '/Users/elsdrm/.ipython/profile_default/security/ipcontroller-engine.json'
2014-12-16 12:04:13.615 [IPEngineApp] Registering with controller at tcp://127.0.0.1:62721
2014-12-16 12:04:13.704 [IPEngineApp] Starting to monitor the heartbeat signal from the hub every 3010 ms.
2014-12-16 12:04:13.716 [IPEngineApp] Using existing profile dir: '/Users/elsdrm/.ipython/profile_default'
2014-12-16 12:04:13.719 [IPEngineApp] Completed registration with id 2
2014-12-16 16:54:46.381 [IPEngineApp] Exception in execute request:
[0;31m---------------------------------------------------------------------------[0m
[0;31mNameError[0m                                 Traceback (most recent call last)
[0;32m<ipython-input-3-ed4824d8e1b5>[0m in [0;36m<module>[0;34m()[0m
[0;32m----> 1[0;31m [0ma[0m [0;34m=[0m [0mnp[0m[0;34m.[0m[0mrandom[0m[0;34m([0m[0;36m1[0m[0;34m)[0m[0;34m[0m[0m
[0m
[0;31mNameError[0m: name 'np' is not defined
2014-12-16 21:30:37.989 [IPEngineApp] Exception in execute request:
[0;31m---------------------------------------------------------------------------[0m
[0;31mKeyboardInterrupt[0m                         Traceback (most recent call last)
[0;32m<ipython-input-7-5b8f118c32fb>[0m in [0;36m<module>[0;34m()[0m
[0;32m----> 1[0;31m [0;32mwhile[0m [0;32mTrue[0m[0;34m:[0m [0;32mpass[0m[0;34m[0m[0m
[0m
[0;31mKeyboardInterrupt[0m: 
2014-12-16 21:30:37.993 [IPEngineApp] Aborting:
2014-12-16 21:30:37.993 [IPEngineApp] {'buffers': [], 'msg_id': '49822482-3800-4cd2-8afa-7c95c6bad441', 'parent_header': {}, 'content': {'user_variables': [], 'code': 'while True: pass', 'silent': False, 'user_expressions': {}}, 'header': {'date': datetime.datetime(2014, 12, 16, 21, 2, 25, 154709), 'username': 'elsdrm', 'msg_id': '49822482-3800-4cd2-8afa-7c95c6bad441', 'session': '5abaee35-2f46-4b67-a6ce-76c7b6a1296b', 'msg_type': 'execute_request'}, 'msg_type': 'execute_request', 'metadata': {}}
2014-12-16 21:30:38.449 [IPEngineApp] CRITICAL | Engine Interrupted, shutting down...

