2014-11-20 19:56:38.304 [IPControllerApp] Hub listening on tcp://127.0.0.1:54800 for registration.
2014-11-20 19:56:38.306 [IPControllerApp] Hub using DB backend: 'NoDB'
2014-11-20 19:56:38.558 [IPControllerApp] hub::created hub
2014-11-20 19:56:38.558 [IPControllerApp] writing connection info to /home/elsdrm/.ipython/profile_nbserver/security/ipcontroller-client.json
2014-11-20 19:56:38.559 [IPControllerApp] writing connection info to /home/elsdrm/.ipython/profile_nbserver/security/ipcontroller-engine.json
2014-11-20 19:56:38.559 [IPControllerApp] task::using Python leastload Task scheduler
2014-11-20 19:56:38.559 [IPControllerApp] Heartmonitor started
2014-11-20 19:56:38.565 [IPControllerApp] Creating pid file: /home/elsdrm/.ipython/profile_nbserver/pid/ipcontroller.pid
2014-11-20 19:56:38.574 [IPControllerApp] client::client b'\x00c\xe1\xba8' requested 'connection_request'
2014-11-20 19:56:38.574 [IPControllerApp] client::client [b'\x00c\xe1\xba8'] connected
2014-11-20 19:56:39.337 [IPControllerApp] client::client b'1aab4a99-8d86-43d3-b5e5-34e2b022c972' requested 'registration_request'
2014-11-20 19:56:39.426 [IPControllerApp] WARNING | iopub::IOPub message lacks parent: {'msg_id': '6fb8283d-ee69-4f0d-93da-0b93e658e6f4', 'buffers': [], 'content': {'execution_state': 'starting'}, 'metadata': {}, 'msg_type': 'status', 'header': {'session': '1aab4a99-8d86-43d3-b5e5-34e2b022c972', 'msg_id': '6fb8283d-ee69-4f0d-93da-0b93e658e6f4', 'date': datetime.datetime(2014, 11, 20, 19, 56, 39, 425068), 'msg_type': 'status', 'username': 'elsdrm'}, 'parent_header': {}}
2014-11-20 19:56:39.553 [IPControllerApp] client::client b'39c40876-c94e-4161-ad24-2767e52bf900' requested 'registration_request'
2014-11-20 19:56:39.579 [IPControllerApp] client::client b'09bdbe9e-bb88-49ff-9c24-916c11f641da' requested 'registration_request'
2014-11-20 19:56:39.666 [IPControllerApp] WARNING | iopub::IOPub message lacks parent: {'msg_id': '16a857d6-e54f-42a9-a4a4-bc60533a8c36', 'buffers': [], 'content': {'execution_state': 'starting'}, 'metadata': {}, 'msg_type': 'status', 'header': {'session': '09bdbe9e-bb88-49ff-9c24-916c11f641da', 'msg_id': '16a857d6-e54f-42a9-a4a4-bc60533a8c36', 'username': 'elsdrm', 'msg_type': 'status', 'date': datetime.datetime(2014, 11, 20, 19, 56, 39, 665309)}, 'parent_header': {}}
2014-11-20 19:56:39.696 [IPControllerApp] WARNING | iopub::IOPub message lacks parent: {'msg_id': 'f6acaf60-3922-48e1-89c9-2f7238bd4591', 'buffers': [], 'content': {'execution_state': 'starting'}, 'metadata': {}, 'msg_type': 'status', 'header': {'session': '39c40876-c94e-4161-ad24-2767e52bf900', 'msg_id': 'f6acaf60-3922-48e1-89c9-2f7238bd4591', 'date': datetime.datetime(2014, 11, 20, 19, 56, 39, 695363), 'msg_type': 'status', 'username': 'elsdrm'}, 'parent_header': {}}
2014-11-20 19:56:39.764 [IPControllerApp] client::client b'114052b8-a9e0-4341-9fb0-6bafc0292c16' requested 'registration_request'
2014-11-20 19:56:39.907 [IPControllerApp] WARNING | iopub::IOPub message lacks parent: {'msg_id': '67fff457-c445-48b1-9836-f2273881aa13', 'buffers': [], 'content': {'execution_state': 'starting'}, 'metadata': {}, 'msg_type': 'status', 'header': {'session': '114052b8-a9e0-4341-9fb0-6bafc0292c16', 'msg_id': '67fff457-c445-48b1-9836-f2273881aa13', 'date': datetime.datetime(2014, 11, 20, 19, 56, 39, 905995), 'msg_type': 'status', 'username': 'elsdrm'}, 'parent_header': {}}
2014-11-20 19:56:39.941 [IPControllerApp] client::client b'59cae308-4aca-443e-bb79-51946a298e99' requested 'registration_request'
2014-11-20 19:56:39.973 [IPControllerApp] client::client b'd185291d-3744-447c-819c-e7c74d7e4a20' requested 'registration_request'
2014-11-20 19:56:40.029 [IPControllerApp] WARNING | iopub::IOPub message lacks parent: {'msg_id': '54ae7a98-899e-41c6-9f9d-7cd75a33b32e', 'buffers': [], 'content': {'execution_state': 'starting'}, 'metadata': {}, 'msg_type': 'status', 'header': {'session': '59cae308-4aca-443e-bb79-51946a298e99', 'msg_id': '54ae7a98-899e-41c6-9f9d-7cd75a33b32e', 'date': datetime.datetime(2014, 11, 20, 19, 56, 40, 28892), 'msg_type': 'status', 'username': 'elsdrm'}, 'parent_header': {}}
2014-11-20 19:56:40.060 [IPControllerApp] WARNING | iopub::IOPub message lacks parent: {'msg_id': '7030756c-0d4d-4f04-b949-3cf1df80d0fb', 'buffers': [], 'content': {'execution_state': 'starting'}, 'metadata': {}, 'msg_type': 'status', 'header': {'session': 'd185291d-3744-447c-819c-e7c74d7e4a20', 'msg_id': '7030756c-0d4d-4f04-b949-3cf1df80d0fb', 'username': 'elsdrm', 'msg_type': 'status', 'date': datetime.datetime(2014, 11, 20, 19, 56, 40, 59496)}, 'parent_header': {}}
2014-11-20 19:56:40.076 [IPControllerApp] client::client b'e1e4ed89-9c0d-43b1-933c-8da218f2f591' requested 'registration_request'
2014-11-20 19:56:40.117 [IPControllerApp] client::client b'cf3f8614-6a6b-4f83-af57-0f3e26dfafe8' requested 'registration_request'
2014-11-20 19:56:40.161 [IPControllerApp] WARNING | iopub::IOPub message lacks parent: {'msg_id': '31b241c6-c854-4b43-bc74-df1eadfa20cf', 'buffers': [], 'content': {'execution_state': 'starting'}, 'metadata': {}, 'msg_type': 'status', 'header': {'session': 'e1e4ed89-9c0d-43b1-933c-8da218f2f591', 'msg_id': '31b241c6-c854-4b43-bc74-df1eadfa20cf', 'date': datetime.datetime(2014, 11, 20, 19, 56, 40, 160418), 'msg_type': 'status', 'username': 'elsdrm'}, 'parent_header': {}}
2014-11-20 19:56:40.202 [IPControllerApp] WARNING | iopub::IOPub message lacks parent: {'msg_id': '3d19698f-72eb-4f0a-ba70-b000068efddf', 'buffers': [], 'content': {'execution_state': 'starting'}, 'metadata': {}, 'msg_type': 'status', 'header': {'session': 'cf3f8614-6a6b-4f83-af57-0f3e26dfafe8', 'msg_id': '3d19698f-72eb-4f0a-ba70-b000068efddf', 'date': datetime.datetime(2014, 11, 20, 19, 56, 40, 201711), 'msg_type': 'status', 'username': 'elsdrm'}, 'parent_header': {}}
2014-11-20 19:56:44.562 [IPControllerApp] registration::finished registering engine 4:59cae308-4aca-443e-bb79-51946a298e99
2014-11-20 19:56:44.563 [IPControllerApp] engine::Engine Connected: 4
2014-11-20 19:56:44.564 [IPControllerApp] registration::finished registering engine 1:39c40876-c94e-4161-ad24-2767e52bf900
2014-11-20 19:56:44.564 [IPControllerApp] engine::Engine Connected: 1
2014-11-20 19:56:44.564 [IPControllerApp] registration::finished registering engine 6:e1e4ed89-9c0d-43b1-933c-8da218f2f591
2014-11-20 19:56:44.564 [IPControllerApp] engine::Engine Connected: 6
2014-11-20 19:56:44.582 [IPControllerApp] registration::finished registering engine 2:09bdbe9e-bb88-49ff-9c24-916c11f641da
2014-11-20 19:56:44.582 [IPControllerApp] engine::Engine Connected: 2
2014-11-20 19:56:44.593 [IPControllerApp] registration::finished registering engine 0:1aab4a99-8d86-43d3-b5e5-34e2b022c972
2014-11-20 19:56:44.593 [IPControllerApp] engine::Engine Connected: 0
2014-11-20 19:56:44.601 [IPControllerApp] registration::finished registering engine 7:cf3f8614-6a6b-4f83-af57-0f3e26dfafe8
2014-11-20 19:56:44.602 [IPControllerApp] engine::Engine Connected: 7
2014-11-20 19:56:44.610 [IPControllerApp] registration::finished registering engine 3:114052b8-a9e0-4341-9fb0-6bafc0292c16
2014-11-20 19:56:44.610 [IPControllerApp] engine::Engine Connected: 3
2014-11-20 19:56:44.618 [IPControllerApp] registration::finished registering engine 5:d185291d-3744-447c-819c-e7c74d7e4a20
2014-11-20 19:56:44.618 [IPControllerApp] engine::Engine Connected: 5
2014-11-20 20:00:55.722 [IPControllerApp] CRITICAL | Received signal 2, shutting down
2014-11-20 20:00:55.722 [IPControllerApp] CRITICAL | terminating children...
