2014-11-23 15:33:56.397 [IPControllerApp] Hub listening on tcp://127.0.0.1:59872 for registration.
2014-11-23 15:33:56.399 [IPControllerApp] Hub using DB backend: 'NoDB'
2014-11-23 15:33:56.657 [IPControllerApp] hub::created hub
2014-11-23 15:33:56.658 [IPControllerApp] writing connection info to /Users/elsdrm/.ipython/profile_nbserver/security/ipcontroller-client.json
2014-11-23 15:33:56.659 [IPControllerApp] writing connection info to /Users/elsdrm/.ipython/profile_nbserver/security/ipcontroller-engine.json
2014-11-23 15:33:56.661 [IPControllerApp] task::using Python leastload Task scheduler
2014-11-23 15:33:56.662 [IPControllerApp] Heartmonitor started
2014-11-23 15:33:56.672 [IPControllerApp] Creating pid file: /Users/elsdrm/.ipython/profile_nbserver/pid/ipcontroller.pid
2014-11-23 15:33:56.687 [IPControllerApp] client::client b'\x00\x80\x00A\xa7' requested 'connection_request'
2014-11-23 15:33:56.687 [IPControllerApp] client::client [b'\x00\x80\x00A\xa7'] connected
2014-11-23 15:33:57.425 [IPControllerApp] client::client b'569ec059-304b-4d93-81e7-0c8633729590' requested 'registration_request'
2014-11-23 15:33:57.577 [IPControllerApp] WARNING | iopub::IOPub message lacks parent: {'header': {'username': 'elsdrm', 'session': '569ec059-304b-4d93-81e7-0c8633729590', 'msg_type': 'status', 'date': datetime.datetime(2014, 11, 23, 15, 33, 57, 576264), 'msg_id': '123a69bc-b2a1-4602-8e02-cbdc917bdcc2'}, 'msg_type': 'status', 'metadata': {}, 'buffers': [], 'parent_header': {}, 'content': {'execution_state': 'starting'}, 'msg_id': '123a69bc-b2a1-4602-8e02-cbdc917bdcc2'}
2014-11-23 15:33:57.583 [IPControllerApp] client::client b'686fece7-8670-488c-849e-027769955bb4' requested 'registration_request'
2014-11-23 15:33:57.691 [IPControllerApp] client::client b'6d259851-521c-4b52-97e6-6ff0e2fbe339' requested 'registration_request'
2014-11-23 15:33:57.772 [IPControllerApp] WARNING | iopub::IOPub message lacks parent: {'header': {'username': 'elsdrm', 'session': '686fece7-8670-488c-849e-027769955bb4', 'msg_type': 'status', 'date': datetime.datetime(2014, 11, 23, 15, 33, 57, 771841), 'msg_id': '5ca7db97-3bd6-4a80-ad2e-34e548b3498c'}, 'msg_type': 'status', 'metadata': {}, 'buffers': [], 'parent_header': {}, 'content': {'execution_state': 'starting'}, 'msg_id': '5ca7db97-3bd6-4a80-ad2e-34e548b3498c'}
2014-11-23 15:33:57.879 [IPControllerApp] WARNING | iopub::IOPub message lacks parent: {'header': {'username': 'elsdrm', 'session': '6d259851-521c-4b52-97e6-6ff0e2fbe339', 'msg_type': 'status', 'date': datetime.datetime(2014, 11, 23, 15, 33, 57, 878690), 'msg_id': 'd019781e-315f-4d0f-a95e-9b5efe5b2471'}, 'msg_type': 'status', 'metadata': {}, 'buffers': [], 'parent_header': {}, 'content': {'execution_state': 'starting'}, 'msg_id': 'd019781e-315f-4d0f-a95e-9b5efe5b2471'}
2014-11-23 15:33:58.075 [IPControllerApp] client::client b'143fca3d-0756-415e-bff3-84213528c812' requested 'registration_request'
2014-11-23 15:33:58.317 [IPControllerApp] client::client b'0b79c6f3-b6b3-47ab-b0a7-2e35de5be00a' requested 'registration_request'
2014-11-23 15:33:58.344 [IPControllerApp] WARNING | iopub::IOPub message lacks parent: {'header': {'username': 'elsdrm', 'session': '143fca3d-0756-415e-bff3-84213528c812', 'msg_type': 'status', 'date': datetime.datetime(2014, 11, 23, 15, 33, 58, 343075), 'msg_id': '3d73a504-d030-4ae1-bf3f-e2a501c21cbd'}, 'msg_type': 'status', 'metadata': {}, 'buffers': [], 'parent_header': {}, 'content': {'execution_state': 'starting'}, 'msg_id': '3d73a504-d030-4ae1-bf3f-e2a501c21cbd'}
2014-11-23 15:33:58.483 [IPControllerApp] client::client b'953626d8-e4b2-4522-89ed-a31027f601f4' requested 'registration_request'
2014-11-23 15:33:58.631 [IPControllerApp] WARNING | iopub::IOPub message lacks parent: {'header': {'username': 'elsdrm', 'session': '0b79c6f3-b6b3-47ab-b0a7-2e35de5be00a', 'msg_type': 'status', 'date': datetime.datetime(2014, 11, 23, 15, 33, 58, 630380), 'msg_id': '7d98375c-2208-41e1-a154-d3bb90b25be5'}, 'msg_type': 'status', 'metadata': {}, 'buffers': [], 'parent_header': {}, 'content': {'execution_state': 'starting'}, 'msg_id': '7d98375c-2208-41e1-a154-d3bb90b25be5'}
2014-11-23 15:33:58.687 [IPControllerApp] client::client b'7696df4d-258a-4078-8291-504add121cca' requested 'registration_request'
2014-11-23 15:33:58.766 [IPControllerApp] WARNING | iopub::IOPub message lacks parent: {'header': {'username': 'elsdrm', 'session': '953626d8-e4b2-4522-89ed-a31027f601f4', 'msg_type': 'status', 'date': datetime.datetime(2014, 11, 23, 15, 33, 58, 764989), 'msg_id': 'dd07cfb7-57d2-4a90-a661-ad984669f1c7'}, 'msg_type': 'status', 'metadata': {}, 'buffers': [], 'parent_header': {}, 'content': {'execution_state': 'starting'}, 'msg_id': 'dd07cfb7-57d2-4a90-a661-ad984669f1c7'}
2014-11-23 15:33:58.871 [IPControllerApp] client::client b'20f8ee74-18f6-48c2-8986-76a96438d93c' requested 'registration_request'
2014-11-23 15:33:58.991 [IPControllerApp] WARNING | iopub::IOPub message lacks parent: {'header': {'username': 'elsdrm', 'session': '7696df4d-258a-4078-8291-504add121cca', 'msg_type': 'status', 'date': datetime.datetime(2014, 11, 23, 15, 33, 58, 990100), 'msg_id': 'b8d68e99-a113-4261-b0b1-deee5dd9f282'}, 'msg_type': 'status', 'metadata': {}, 'buffers': [], 'parent_header': {}, 'content': {'execution_state': 'starting'}, 'msg_id': 'b8d68e99-a113-4261-b0b1-deee5dd9f282'}
2014-11-23 15:33:59.058 [IPControllerApp] client::client b'31f2827f-b2ec-4ff7-807d-e87f0751d9da' requested 'registration_request'
2014-11-23 15:33:59.135 [IPControllerApp] WARNING | iopub::IOPub message lacks parent: {'header': {'username': 'elsdrm', 'session': '20f8ee74-18f6-48c2-8986-76a96438d93c', 'msg_type': 'status', 'date': datetime.datetime(2014, 11, 23, 15, 33, 59, 134778), 'msg_id': '081c9b28-160f-4934-9630-7ddd2b47d418'}, 'msg_type': 'status', 'metadata': {}, 'buffers': [], 'parent_header': {}, 'content': {'execution_state': 'starting'}, 'msg_id': '081c9b28-160f-4934-9630-7ddd2b47d418'}
2014-11-23 15:33:59.184 [IPControllerApp] client::client b'11492fba-9e16-426f-afcf-d4f2e8f7ef34' requested 'registration_request'
2014-11-23 15:33:59.413 [IPControllerApp] client::client b'a13e5eae-30ec-4e0c-8645-ff26303cea7f' requested 'registration_request'
2014-11-23 15:33:59.430 [IPControllerApp] WARNING | iopub::IOPub message lacks parent: {'header': {'username': 'elsdrm', 'session': '31f2827f-b2ec-4ff7-807d-e87f0751d9da', 'msg_type': 'status', 'date': datetime.datetime(2014, 11, 23, 15, 33, 59, 429409), 'msg_id': '15731d3c-000b-4d14-8989-6a9ef953cd5b'}, 'msg_type': 'status', 'metadata': {}, 'buffers': [], 'parent_header': {}, 'content': {'execution_state': 'starting'}, 'msg_id': '15731d3c-000b-4d14-8989-6a9ef953cd5b'}
2014-11-23 15:33:59.612 [IPControllerApp] WARNING | iopub::IOPub message lacks parent: {'header': {'username': 'elsdrm', 'session': '11492fba-9e16-426f-afcf-d4f2e8f7ef34', 'msg_type': 'status', 'date': datetime.datetime(2014, 11, 23, 15, 33, 59, 611058), 'msg_id': '2afbfcee-03f7-4480-8de7-fb1004245dfc'}, 'msg_type': 'status', 'metadata': {}, 'buffers': [], 'parent_header': {}, 'content': {'execution_state': 'starting'}, 'msg_id': '2afbfcee-03f7-4480-8de7-fb1004245dfc'}
2014-11-23 15:33:59.701 [IPControllerApp] client::client b'a3011a24-b25d-488a-a421-7a7eade7ea12' requested 'registration_request'
2014-11-23 15:33:59.823 [IPControllerApp] client::client b'8a75f80c-a738-4030-b20d-8b219a3a9728' requested 'registration_request'
2014-11-23 15:33:59.848 [IPControllerApp] client::client b'974362f2-1204-48d5-93b0-6ea92a1bd1ec' requested 'registration_request'
2014-11-23 15:33:59.896 [IPControllerApp] WARNING | iopub::IOPub message lacks parent: {'header': {'username': 'elsdrm', 'session': 'a13e5eae-30ec-4e0c-8645-ff26303cea7f', 'msg_type': 'status', 'date': datetime.datetime(2014, 11, 23, 15, 33, 59, 895284), 'msg_id': '9d4d7cae-b061-428c-a2c6-a93196502f34'}, 'msg_type': 'status', 'metadata': {}, 'buffers': [], 'parent_header': {}, 'content': {'execution_state': 'starting'}, 'msg_id': '9d4d7cae-b061-428c-a2c6-a93196502f34'}
2014-11-23 15:33:59.999 [IPControllerApp] client::client b'7b1d9ae2-074b-4133-975d-171bec742575' requested 'registration_request'
2014-11-23 15:34:00.170 [IPControllerApp] WARNING | iopub::IOPub message lacks parent: {'header': {'username': 'elsdrm', 'session': 'a3011a24-b25d-488a-a421-7a7eade7ea12', 'msg_type': 'status', 'date': datetime.datetime(2014, 11, 23, 15, 34, 0, 168866), 'msg_id': '2099434d-54b1-4fb3-bca6-302a9864ecc4'}, 'msg_type': 'status', 'metadata': {}, 'buffers': [], 'parent_header': {}, 'content': {'execution_state': 'starting'}, 'msg_id': '2099434d-54b1-4fb3-bca6-302a9864ecc4'}
2014-11-23 15:34:00.246 [IPControllerApp] client::client b'44e2db42-3a9c-4694-ae82-1c7c0017c109' requested 'registration_request'
2014-11-23 15:34:00.266 [IPControllerApp] WARNING | iopub::IOPub message lacks parent: {'header': {'username': 'elsdrm', 'session': '974362f2-1204-48d5-93b0-6ea92a1bd1ec', 'msg_type': 'status', 'date': datetime.datetime(2014, 11, 23, 15, 34, 0, 265172), 'msg_id': '871d2e67-79ce-4480-9921-a16f66988297'}, 'msg_type': 'status', 'metadata': {}, 'buffers': [], 'parent_header': {}, 'content': {'execution_state': 'starting'}, 'msg_id': '871d2e67-79ce-4480-9921-a16f66988297'}
2014-11-23 15:34:00.295 [IPControllerApp] WARNING | iopub::IOPub message lacks parent: {'header': {'username': 'elsdrm', 'session': '8a75f80c-a738-4030-b20d-8b219a3a9728', 'msg_type': 'status', 'date': datetime.datetime(2014, 11, 23, 15, 34, 0, 292459), 'msg_id': 'eb89e979-0dfd-489e-8d9d-666ddae983dc'}, 'msg_type': 'status', 'metadata': {}, 'buffers': [], 'parent_header': {}, 'content': {'execution_state': 'starting'}, 'msg_id': 'eb89e979-0dfd-489e-8d9d-666ddae983dc'}
2014-11-23 15:34:00.297 [IPControllerApp] client::client b'\x00\x80\x00A\xa8' requested 'connection_request'
2014-11-23 15:34:00.297 [IPControllerApp] client::client [b'\x00\x80\x00A\xa8'] connected
2014-11-23 15:34:00.397 [IPControllerApp] client::client b'f0a32e26-109e-4323-b4f4-35539acb13a4' requested 'registration_request'
2014-11-23 15:34:00.423 [IPControllerApp] WARNING | iopub::IOPub message lacks parent: {'header': {'username': 'elsdrm', 'session': '7b1d9ae2-074b-4133-975d-171bec742575', 'msg_type': 'status', 'date': datetime.datetime(2014, 11, 23, 15, 34, 0, 422192), 'msg_id': '3ee13aca-c932-4593-b118-92613c9e6029'}, 'msg_type': 'status', 'metadata': {}, 'buffers': [], 'parent_header': {}, 'content': {'execution_state': 'starting'}, 'msg_id': '3ee13aca-c932-4593-b118-92613c9e6029'}
2014-11-23 15:34:00.533 [IPControllerApp] client::client b'44df2f2e-0648-48f4-997f-d56eaed4ac0c' requested 'registration_request'
2014-11-23 15:34:00.646 [IPControllerApp] WARNING | iopub::IOPub message lacks parent: {'header': {'username': 'elsdrm', 'session': '44e2db42-3a9c-4694-ae82-1c7c0017c109', 'msg_type': 'status', 'date': datetime.datetime(2014, 11, 23, 15, 34, 0, 628700), 'msg_id': 'f32c6f1b-39ed-4e2c-bbb7-53d9ac6acdaf'}, 'msg_type': 'status', 'metadata': {}, 'buffers': [], 'parent_header': {}, 'content': {'execution_state': 'starting'}, 'msg_id': 'f32c6f1b-39ed-4e2c-bbb7-53d9ac6acdaf'}
2014-11-23 15:34:00.756 [IPControllerApp] client::client b'ff2d1542-e6ac-422f-a8d5-1a9410945ed8' requested 'registration_request'
2014-11-23 15:34:00.822 [IPControllerApp] WARNING | iopub::IOPub message lacks parent: {'header': {'username': 'elsdrm', 'session': 'f0a32e26-109e-4323-b4f4-35539acb13a4', 'msg_type': 'status', 'date': datetime.datetime(2014, 11, 23, 15, 34, 0, 800419), 'msg_id': '86b88b3f-4a9d-4fa7-bfcd-474bf5993a4a'}, 'msg_type': 'status', 'metadata': {}, 'buffers': [], 'parent_header': {}, 'content': {'execution_state': 'starting'}, 'msg_id': '86b88b3f-4a9d-4fa7-bfcd-474bf5993a4a'}
2014-11-23 15:34:00.891 [IPControllerApp] WARNING | iopub::IOPub message lacks parent: {'header': {'username': 'elsdrm', 'session': '44df2f2e-0648-48f4-997f-d56eaed4ac0c', 'msg_type': 'status', 'date': datetime.datetime(2014, 11, 23, 15, 34, 0, 890053), 'msg_id': 'ebd4c957-fe28-435a-a6f9-3c98220eae74'}, 'msg_type': 'status', 'metadata': {}, 'buffers': [], 'parent_header': {}, 'content': {'execution_state': 'starting'}, 'msg_id': 'ebd4c957-fe28-435a-a6f9-3c98220eae74'}
2014-11-23 15:34:01.016 [IPControllerApp] client::client b'a679a8b4-126b-4b72-806f-65b369b85c0c' requested 'registration_request'
2014-11-23 15:34:01.048 [IPControllerApp] client::client b'a1b5772e-9e44-4fc4-a191-bb3bc49fc408' requested 'registration_request'
2014-11-23 15:34:01.119 [IPControllerApp] WARNING | iopub::IOPub message lacks parent: {'header': {'username': 'elsdrm', 'session': 'ff2d1542-e6ac-422f-a8d5-1a9410945ed8', 'msg_type': 'status', 'date': datetime.datetime(2014, 11, 23, 15, 34, 1, 118860), 'msg_id': '4dc1037d-486b-4588-855e-c30537fca3df'}, 'msg_type': 'status', 'metadata': {}, 'buffers': [], 'parent_header': {}, 'content': {'execution_state': 'starting'}, 'msg_id': '4dc1037d-486b-4588-855e-c30537fca3df'}
2014-11-23 15:34:01.121 [IPControllerApp] client::client b'b47d5071-d9bc-443d-9e81-56429ccd7c67' requested 'registration_request'
2014-11-23 15:34:01.242 [IPControllerApp] client::client b'c5e90b1e-cccf-4336-944e-05decf0f7891' requested 'registration_request'
2014-11-23 15:34:01.350 [IPControllerApp] client::client b'ee4863e1-a1a3-4df2-aa0c-0d74101e5e61' requested 'registration_request'
2014-11-23 15:34:01.351 [IPControllerApp] client::client b'39a7f66b-5a94-447f-bdd0-086f0a26e60f' requested 'registration_request'
2014-11-23 15:34:01.384 [IPControllerApp] WARNING | iopub::IOPub message lacks parent: {'header': {'username': 'elsdrm', 'session': 'a1b5772e-9e44-4fc4-a191-bb3bc49fc408', 'msg_type': 'status', 'date': datetime.datetime(2014, 11, 23, 15, 34, 1, 383476), 'msg_id': '0a3417c1-1b16-492b-ae6a-69072080a17a'}, 'msg_type': 'status', 'metadata': {}, 'buffers': [], 'parent_header': {}, 'content': {'execution_state': 'starting'}, 'msg_id': '0a3417c1-1b16-492b-ae6a-69072080a17a'}
2014-11-23 15:34:01.396 [IPControllerApp] WARNING | iopub::IOPub message lacks parent: {'header': {'username': 'elsdrm', 'session': 'a679a8b4-126b-4b72-806f-65b369b85c0c', 'msg_type': 'status', 'date': datetime.datetime(2014, 11, 23, 15, 34, 1, 394786), 'msg_id': '2039ea6a-584d-41c4-9527-2c1ac6ca2897'}, 'msg_type': 'status', 'metadata': {}, 'buffers': [], 'parent_header': {}, 'content': {'execution_state': 'starting'}, 'msg_id': '2039ea6a-584d-41c4-9527-2c1ac6ca2897'}
2014-11-23 15:34:01.444 [IPControllerApp] WARNING | iopub::IOPub message lacks parent: {'header': {'username': 'elsdrm', 'session': 'b47d5071-d9bc-443d-9e81-56429ccd7c67', 'msg_type': 'status', 'date': datetime.datetime(2014, 11, 23, 15, 34, 1, 443426), 'msg_id': 'ec61bf88-9574-4098-984d-c6d59936d33a'}, 'msg_type': 'status', 'metadata': {}, 'buffers': [], 'parent_header': {}, 'content': {'execution_state': 'starting'}, 'msg_id': 'ec61bf88-9574-4098-984d-c6d59936d33a'}
2014-11-23 15:34:01.496 [IPControllerApp] client::client b'3fff7f62-0a72-44a2-be8f-8cc68fef69ed' requested 'registration_request'
2014-11-23 15:34:01.528 [IPControllerApp] client::client b'88fbf4da-d28a-4737-9d44-df345f66ffc0' requested 'registration_request'
2014-11-23 15:34:01.550 [IPControllerApp] WARNING | iopub::IOPub message lacks parent: {'header': {'username': 'elsdrm', 'session': 'c5e90b1e-cccf-4336-944e-05decf0f7891', 'msg_type': 'status', 'date': datetime.datetime(2014, 11, 23, 15, 34, 1, 549286), 'msg_id': 'ad289d3d-437e-41e5-8bd0-504b68d76aa2'}, 'msg_type': 'status', 'metadata': {}, 'buffers': [], 'parent_header': {}, 'content': {'execution_state': 'starting'}, 'msg_id': 'ad289d3d-437e-41e5-8bd0-504b68d76aa2'}
2014-11-23 15:34:01.608 [IPControllerApp] WARNING | iopub::IOPub message lacks parent: {'header': {'username': 'elsdrm', 'session': 'ee4863e1-a1a3-4df2-aa0c-0d74101e5e61', 'msg_type': 'status', 'date': datetime.datetime(2014, 11, 23, 15, 34, 1, 606478), 'msg_id': '9fbf2d5c-c056-482d-aa96-cfb2448d1cd6'}, 'msg_type': 'status', 'metadata': {}, 'buffers': [], 'parent_header': {}, 'content': {'execution_state': 'starting'}, 'msg_id': '9fbf2d5c-c056-482d-aa96-cfb2448d1cd6'}
2014-11-23 15:34:01.633 [IPControllerApp] WARNING | iopub::IOPub message lacks parent: {'header': {'username': 'elsdrm', 'session': '39a7f66b-5a94-447f-bdd0-086f0a26e60f', 'msg_type': 'status', 'date': datetime.datetime(2014, 11, 23, 15, 34, 1, 631293), 'msg_id': '5582d6aa-ddcd-446d-9312-6311a1162840'}, 'msg_type': 'status', 'metadata': {}, 'buffers': [], 'parent_header': {}, 'content': {'execution_state': 'starting'}, 'msg_id': '5582d6aa-ddcd-446d-9312-6311a1162840'}
2014-11-23 15:34:01.641 [IPControllerApp] client::client b'ba5c2076-e1b5-4be6-9faf-eab2488affe3' requested 'registration_request'
2014-11-23 15:34:01.709 [IPControllerApp] client::client b'd782e975-2ac8-4b42-bb54-651ae5402069' requested 'registration_request'
2014-11-23 15:34:01.710 [IPControllerApp] WARNING | iopub::IOPub message lacks parent: {'header': {'username': 'elsdrm', 'session': '3fff7f62-0a72-44a2-be8f-8cc68fef69ed', 'msg_type': 'status', 'date': datetime.datetime(2014, 11, 23, 15, 34, 1, 708366), 'msg_id': '4860649a-bca9-41e3-a9cf-f0bdf555afaf'}, 'msg_type': 'status', 'metadata': {}, 'buffers': [], 'parent_header': {}, 'content': {'execution_state': 'starting'}, 'msg_id': '4860649a-bca9-41e3-a9cf-f0bdf555afaf'}
2014-11-23 15:34:01.736 [IPControllerApp] WARNING | iopub::IOPub message lacks parent: {'header': {'username': 'elsdrm', 'session': '88fbf4da-d28a-4737-9d44-df345f66ffc0', 'msg_type': 'status', 'date': datetime.datetime(2014, 11, 23, 15, 34, 1, 735366), 'msg_id': 'eff07c94-9104-4641-9294-760d615d6a49'}, 'msg_type': 'status', 'metadata': {}, 'buffers': [], 'parent_header': {}, 'content': {'execution_state': 'starting'}, 'msg_id': 'eff07c94-9104-4641-9294-760d615d6a49'}
2014-11-23 15:34:01.785 [IPControllerApp] client::client b'5a5cbf9a-94c0-4a4a-9cfc-20df4b98d80f' requested 'registration_request'
2014-11-23 15:34:01.799 [IPControllerApp] client::client b'77dd702d-3770-47c9-a354-18412207af4d' requested 'registration_request'
2014-11-23 15:34:01.808 [IPControllerApp] WARNING | iopub::IOPub message lacks parent: {'header': {'username': 'elsdrm', 'session': 'ba5c2076-e1b5-4be6-9faf-eab2488affe3', 'msg_type': 'status', 'date': datetime.datetime(2014, 11, 23, 15, 34, 1, 806969), 'msg_id': 'dee7263f-b573-45ac-ba97-090c3f8fcc16'}, 'msg_type': 'status', 'metadata': {}, 'buffers': [], 'parent_header': {}, 'content': {'execution_state': 'starting'}, 'msg_id': 'dee7263f-b573-45ac-ba97-090c3f8fcc16'}
2014-11-23 15:34:01.860 [IPControllerApp] WARNING | iopub::IOPub message lacks parent: {'header': {'username': 'elsdrm', 'session': 'd782e975-2ac8-4b42-bb54-651ae5402069', 'msg_type': 'status', 'date': datetime.datetime(2014, 11, 23, 15, 34, 1, 859395), 'msg_id': '156802e5-516f-4bac-86e8-2e62c7f86fd3'}, 'msg_type': 'status', 'metadata': {}, 'buffers': [], 'parent_header': {}, 'content': {'execution_state': 'starting'}, 'msg_id': '156802e5-516f-4bac-86e8-2e62c7f86fd3'}
2014-11-23 15:34:01.880 [IPControllerApp] client::client b'b983ddd1-bd7e-4f6d-8a2c-689f11294afe' requested 'registration_request'
2014-11-23 15:34:01.903 [IPControllerApp] WARNING | iopub::IOPub message lacks parent: {'header': {'username': 'elsdrm', 'session': '5a5cbf9a-94c0-4a4a-9cfc-20df4b98d80f', 'msg_type': 'status', 'date': datetime.datetime(2014, 11, 23, 15, 34, 1, 902345), 'msg_id': 'dec08345-79f3-4e28-8573-b026c47a4776'}, 'msg_type': 'status', 'metadata': {}, 'buffers': [], 'parent_header': {}, 'content': {'execution_state': 'starting'}, 'msg_id': 'dec08345-79f3-4e28-8573-b026c47a4776'}
2014-11-23 15:34:01.907 [IPControllerApp] WARNING | iopub::IOPub message lacks parent: {'header': {'username': 'elsdrm', 'session': '77dd702d-3770-47c9-a354-18412207af4d', 'msg_type': 'status', 'date': datetime.datetime(2014, 11, 23, 15, 34, 1, 906710), 'msg_id': '9bfa435e-5df0-492b-b34e-f7413c34c046'}, 'msg_type': 'status', 'metadata': {}, 'buffers': [], 'parent_header': {}, 'content': {'execution_state': 'starting'}, 'msg_id': '9bfa435e-5df0-492b-b34e-f7413c34c046'}
2014-11-23 15:34:01.962 [IPControllerApp] WARNING | iopub::IOPub message lacks parent: {'header': {'username': 'elsdrm', 'session': 'b983ddd1-bd7e-4f6d-8a2c-689f11294afe', 'msg_type': 'status', 'date': datetime.datetime(2014, 11, 23, 15, 34, 1, 961465), 'msg_id': 'e42acf9e-e4e0-4605-8a9e-9d7a063364d6'}, 'msg_type': 'status', 'metadata': {}, 'buffers': [], 'parent_header': {}, 'content': {'execution_state': 'starting'}, 'msg_id': 'e42acf9e-e4e0-4605-8a9e-9d7a063364d6'}
2014-11-23 15:34:02.662 [IPControllerApp] registration::finished registering engine 4:0b79c6f3-b6b3-47ab-b0a7-2e35de5be00a
2014-11-23 15:34:02.662 [IPControllerApp] engine::Engine Connected: 4
2014-11-23 15:34:02.662 [IPControllerApp] registration::finished registering engine 0:569ec059-304b-4d93-81e7-0c8633729590
2014-11-23 15:34:02.663 [IPControllerApp] engine::Engine Connected: 0
2014-11-23 15:34:02.681 [IPControllerApp] registration::finished registering engine 10:a13e5eae-30ec-4e0c-8645-ff26303cea7f
2014-11-23 15:34:02.682 [IPControllerApp] engine::Engine Connected: 10
2014-11-23 15:34:02.683 [IPControllerApp] registration::finished registering engine 6:7696df4d-258a-4078-8291-504add121cca
2014-11-23 15:34:02.684 [IPControllerApp] engine::Engine Connected: 6
2014-11-23 15:34:02.685 [IPControllerApp] registration::finished registering engine 5:953626d8-e4b2-4522-89ed-a31027f601f4
2014-11-23 15:34:02.686 [IPControllerApp] engine::Engine Connected: 5
2014-11-23 15:34:02.686 [IPControllerApp] registration::finished registering engine 8:31f2827f-b2ec-4ff7-807d-e87f0751d9da
2014-11-23 15:34:02.687 [IPControllerApp] engine::Engine Connected: 8
2014-11-23 15:34:02.688 [IPControllerApp] registration::finished registering engine 3:143fca3d-0756-415e-bff3-84213528c812
2014-11-23 15:34:02.689 [IPControllerApp] engine::Engine Connected: 3
2014-11-23 15:34:02.690 [IPControllerApp] registration::finished registering engine 7:20f8ee74-18f6-48c2-8986-76a96438d93c
2014-11-23 15:34:02.691 [IPControllerApp] engine::Engine Connected: 7
2014-11-23 15:34:02.692 [IPControllerApp] registration::finished registering engine 9:11492fba-9e16-426f-afcf-d4f2e8f7ef34
2014-11-23 15:34:02.693 [IPControllerApp] engine::Engine Connected: 9
2014-11-23 15:34:02.695 [IPControllerApp] registration::finished registering engine 2:6d259851-521c-4b52-97e6-6ff0e2fbe339
2014-11-23 15:34:02.696 [IPControllerApp] engine::Engine Connected: 2
2014-11-23 15:34:02.697 [IPControllerApp] registration::finished registering engine 1:686fece7-8670-488c-849e-027769955bb4
2014-11-23 15:34:02.698 [IPControllerApp] engine::Engine Connected: 1
2014-11-23 15:34:05.665 [IPControllerApp] registration::finished registering engine 19:a679a8b4-126b-4b72-806f-65b369b85c0c
2014-11-23 15:34:05.666 [IPControllerApp] engine::Engine Connected: 19
2014-11-23 15:34:05.666 [IPControllerApp] registration::finished registering engine 25:3fff7f62-0a72-44a2-be8f-8cc68fef69ed
2014-11-23 15:34:05.666 [IPControllerApp] engine::Engine Connected: 25
2014-11-23 15:34:05.666 [IPControllerApp] registration::finished registering engine 14:7b1d9ae2-074b-4133-975d-171bec742575
2014-11-23 15:34:05.667 [IPControllerApp] engine::Engine Connected: 14
2014-11-23 15:34:05.667 [IPControllerApp] registration::finished registering engine 15:44e2db42-3a9c-4694-ae82-1c7c0017c109
2014-11-23 15:34:05.667 [IPControllerApp] engine::Engine Connected: 15
2014-11-23 15:34:05.667 [IPControllerApp] registration::finished registering engine 20:a1b5772e-9e44-4fc4-a191-bb3bc49fc408
2014-11-23 15:34:05.668 [IPControllerApp] engine::Engine Connected: 20
2014-11-23 15:34:05.668 [IPControllerApp] registration::finished registering engine 18:ff2d1542-e6ac-422f-a8d5-1a9410945ed8
2014-11-23 15:34:05.668 [IPControllerApp] engine::Engine Connected: 18
2014-11-23 15:34:05.668 [IPControllerApp] registration::finished registering engine 30:77dd702d-3770-47c9-a354-18412207af4d
2014-11-23 15:34:05.669 [IPControllerApp] engine::Engine Connected: 30
2014-11-23 15:34:05.669 [IPControllerApp] registration::finished registering engine 26:88fbf4da-d28a-4737-9d44-df345f66ffc0
2014-11-23 15:34:05.669 [IPControllerApp] engine::Engine Connected: 26
2014-11-23 15:34:05.669 [IPControllerApp] registration::finished registering engine 27:ba5c2076-e1b5-4be6-9faf-eab2488affe3
2014-11-23 15:34:05.670 [IPControllerApp] engine::Engine Connected: 27
2014-11-23 15:34:05.670 [IPControllerApp] registration::finished registering engine 31:b983ddd1-bd7e-4f6d-8a2c-689f11294afe
2014-11-23 15:34:05.670 [IPControllerApp] engine::Engine Connected: 31
2014-11-23 15:34:05.671 [IPControllerApp] registration::finished registering engine 17:44df2f2e-0648-48f4-997f-d56eaed4ac0c
2014-11-23 15:34:05.671 [IPControllerApp] engine::Engine Connected: 17
2014-11-23 15:34:05.671 [IPControllerApp] registration::finished registering engine 12:8a75f80c-a738-4030-b20d-8b219a3a9728
2014-11-23 15:34:05.672 [IPControllerApp] engine::Engine Connected: 12
2014-11-23 15:34:05.672 [IPControllerApp] registration::finished registering engine 16:f0a32e26-109e-4323-b4f4-35539acb13a4
2014-11-23 15:34:05.672 [IPControllerApp] engine::Engine Connected: 16
2014-11-23 15:34:05.673 [IPControllerApp] registration::finished registering engine 13:974362f2-1204-48d5-93b0-6ea92a1bd1ec
2014-11-23 15:34:05.673 [IPControllerApp] engine::Engine Connected: 13
2014-11-23 15:34:05.673 [IPControllerApp] registration::finished registering engine 22:c5e90b1e-cccf-4336-944e-05decf0f7891
2014-11-23 15:34:05.674 [IPControllerApp] engine::Engine Connected: 22
2014-11-23 15:34:05.674 [IPControllerApp] registration::finished registering engine 11:a3011a24-b25d-488a-a421-7a7eade7ea12
2014-11-23 15:34:05.674 [IPControllerApp] engine::Engine Connected: 11
2014-11-23 15:34:05.675 [IPControllerApp] registration::finished registering engine 29:5a5cbf9a-94c0-4a4a-9cfc-20df4b98d80f
2014-11-23 15:34:05.675 [IPControllerApp] engine::Engine Connected: 29
2014-11-23 15:34:05.675 [IPControllerApp] registration::finished registering engine 23:ee4863e1-a1a3-4df2-aa0c-0d74101e5e61
2014-11-23 15:34:05.676 [IPControllerApp] engine::Engine Connected: 23
2014-11-23 15:34:05.676 [IPControllerApp] registration::finished registering engine 21:b47d5071-d9bc-443d-9e81-56429ccd7c67
2014-11-23 15:34:05.677 [IPControllerApp] engine::Engine Connected: 21
2014-11-23 15:34:05.677 [IPControllerApp] registration::finished registering engine 28:d782e975-2ac8-4b42-bb54-651ae5402069
2014-11-23 15:34:05.677 [IPControllerApp] engine::Engine Connected: 28
2014-11-23 15:34:05.678 [IPControllerApp] registration::finished registering engine 24:39a7f66b-5a94-447f-bdd0-086f0a26e60f
2014-11-23 15:34:05.678 [IPControllerApp] engine::Engine Connected: 24
2014-11-23 15:34:07.242 [IPControllerApp] client::client b'\x00\x80\x00A\xa9' requested 'connection_request'
2014-11-23 15:34:07.242 [IPControllerApp] client::client [b'\x00\x80\x00A\xa9'] connected
2014-11-23 15:34:07.247 [IPControllerApp] queue::client b'\x00\x06\x05\x8e\xd9' submitted request 'e505bc0f-ab5c-4126-ab6e-f209d0fc7c6c' to 0
2014-11-23 15:34:07.248 [IPControllerApp] queue::client b'\x00\x06\x05\x8e\xd9' submitted request '3e056e42-dbcf-499c-9d7f-76c0dbbf1ea8' to 1
2014-11-23 15:34:07.249 [IPControllerApp] queue::client b'\x00\x06\x05\x8e\xd9' submitted request '1ee0e5b4-229d-4554-9bf6-2b930301d8d1' to 2
2014-11-23 15:34:07.249 [IPControllerApp] queue::client b'\x00\x06\x05\x8e\xd9' submitted request 'da7ece80-1571-4a7a-bdc7-cf233c3abef7' to 3
2014-11-23 15:34:07.250 [IPControllerApp] queue::client b'\x00\x06\x05\x8e\xd9' submitted request '30969312-d0d2-4e4f-94f9-daf7fbfb1359' to 4
2014-11-23 15:34:07.252 [IPControllerApp] queue::client b'\x00\x06\x05\x8e\xd9' submitted request 'e551340c-a5f5-4853-bdcb-38e7d0a68eea' to 5
2014-11-23 15:34:07.253 [IPControllerApp] queue::client b'\x00\x06\x05\x8e\xd9' submitted request '10ef4171-1db2-4e14-8e8a-230cf5884da6' to 6
2014-11-23 15:34:07.254 [IPControllerApp] queue::client b'\x00\x06\x05\x8e\xd9' submitted request '39404bac-f9c6-4d1e-a2a3-7d08b672103b' to 7
2014-11-23 15:34:07.255 [IPControllerApp] queue::client b'\x00\x06\x05\x8e\xd9' submitted request '626c9de7-ed8b-4fa8-8e71-e58a332c2abf' to 8
2014-11-23 15:34:07.255 [IPControllerApp] queue::client b'\x00\x06\x05\x8e\xd9' submitted request 'dd9a599d-60ad-45ad-ba92-a4969142bdde' to 9
2014-11-23 15:34:07.256 [IPControllerApp] queue::client b'\x00\x06\x05\x8e\xd9' submitted request '835656c1-c015-49c1-9dd3-760e192a69c1' to 10
2014-11-23 15:34:07.258 [IPControllerApp] queue::client b'\x00\x06\x05\x8e\xd9' submitted request 'e08a95b8-57a7-423f-aaa2-98b962d9ed47' to 11
2014-11-23 15:34:07.259 [IPControllerApp] queue::client b'\x00\x06\x05\x8e\xd9' submitted request 'fd86b392-7300-4ee6-b8a4-d43c250a651e' to 12
2014-11-23 15:34:07.261 [IPControllerApp] queue::request '3e056e42-dbcf-499c-9d7f-76c0dbbf1ea8' completed on 1
2014-11-23 15:34:07.263 [IPControllerApp] queue::client b'\x00\x06\x05\x8e\xd9' submitted request '8488c0d3-0f95-4aa4-8c74-f825abecc882' to 13
2014-11-23 15:34:07.265 [IPControllerApp] queue::request 'e505bc0f-ab5c-4126-ab6e-f209d0fc7c6c' completed on 0
2014-11-23 15:34:07.266 [IPControllerApp] queue::request '1ee0e5b4-229d-4554-9bf6-2b930301d8d1' completed on 2
2014-11-23 15:34:07.267 [IPControllerApp] queue::client b'\x00\x06\x05\x8e\xd9' submitted request '443c1e4b-bdac-4b6c-aca2-3720fb0fda2a' to 14
2014-11-23 15:34:07.268 [IPControllerApp] queue::request '30969312-d0d2-4e4f-94f9-daf7fbfb1359' completed on 4
2014-11-23 15:34:07.269 [IPControllerApp] queue::client b'\x00\x06\x05\x8e\xd9' submitted request 'f15ac378-6a70-43b6-ad45-2654092d7c54' to 15
2014-11-23 15:34:07.271 [IPControllerApp] queue::request 'da7ece80-1571-4a7a-bdc7-cf233c3abef7' completed on 3
2014-11-23 15:34:07.272 [IPControllerApp] queue::client b'\x00\x06\x05\x8e\xd9' submitted request '1f9dc4af-faa1-4a41-a944-c2042fa94bc8' to 16
2014-11-23 15:34:07.274 [IPControllerApp] queue::request 'e551340c-a5f5-4853-bdcb-38e7d0a68eea' completed on 5
2014-11-23 15:34:07.275 [IPControllerApp] queue::client b'\x00\x06\x05\x8e\xd9' submitted request '1ba6e90f-b0c9-45b6-bfb6-f76a68954e45' to 17
2014-11-23 15:34:07.276 [IPControllerApp] queue::client b'\x00\x06\x05\x8e\xd9' submitted request 'ccd74351-27f9-4baf-bd61-a78e5297cc94' to 18
2014-11-23 15:34:07.277 [IPControllerApp] queue::client b'\x00\x06\x05\x8e\xd9' submitted request 'd910846c-260b-471e-a944-eaaec0335a5d' to 19
2014-11-23 15:34:07.278 [IPControllerApp] queue::client b'\x00\x06\x05\x8e\xd9' submitted request 'd9f97563-daea-4234-baf7-67e5da846bfe' to 20
2014-11-23 15:34:07.280 [IPControllerApp] queue::request '39404bac-f9c6-4d1e-a2a3-7d08b672103b' completed on 7
2014-11-23 15:34:07.281 [IPControllerApp] queue::request '835656c1-c015-49c1-9dd3-760e192a69c1' completed on 10
2014-11-23 15:34:07.283 [IPControllerApp] queue::request '626c9de7-ed8b-4fa8-8e71-e58a332c2abf' completed on 8
2014-11-23 15:34:07.288 [IPControllerApp] queue::request 'e08a95b8-57a7-423f-aaa2-98b962d9ed47' completed on 11
2014-11-23 15:34:07.291 [IPControllerApp] queue::request 'dd9a599d-60ad-45ad-ba92-a4969142bdde' completed on 9
2014-11-23 15:34:07.293 [IPControllerApp] queue::request '10ef4171-1db2-4e14-8e8a-230cf5884da6' completed on 6
2014-11-23 15:34:07.295 [IPControllerApp] queue::request '443c1e4b-bdac-4b6c-aca2-3720fb0fda2a' completed on 14
2014-11-23 15:34:07.299 [IPControllerApp] queue::request '8488c0d3-0f95-4aa4-8c74-f825abecc882' completed on 13
2014-11-23 15:34:07.300 [IPControllerApp] queue::request '1ba6e90f-b0c9-45b6-bfb6-f76a68954e45' completed on 17
2014-11-23 15:34:07.302 [IPControllerApp] queue::request '1f9dc4af-faa1-4a41-a944-c2042fa94bc8' completed on 16
2014-11-23 15:34:07.308 [IPControllerApp] queue::request 'ccd74351-27f9-4baf-bd61-a78e5297cc94' completed on 18
2014-11-23 15:34:07.310 [IPControllerApp] queue::client b'\x00\x06\x05\x8e\xd9' submitted request '0db748c1-866b-40b9-9ca9-cb158ee056b0' to 21
2014-11-23 15:34:07.311 [IPControllerApp] queue::request 'd910846c-260b-471e-a944-eaaec0335a5d' completed on 19
2014-11-23 15:34:07.312 [IPControllerApp] queue::client b'\x00\x06\x05\x8e\xd9' submitted request '82d13bee-6118-4746-8fe4-74bb13eb23a2' to 22
2014-11-23 15:34:07.314 [IPControllerApp] queue::client b'\x00\x06\x05\x8e\xd9' submitted request 'f7daf2be-a5a0-48f9-ac34-0a2d6cf02aad' to 23
2014-11-23 15:34:07.317 [IPControllerApp] queue::client b'\x00\x06\x05\x8e\xd9' submitted request '06567260-dff0-4b1b-bf47-3b9e2edf443e' to 24
2014-11-23 15:34:07.319 [IPControllerApp] queue::client b'\x00\x06\x05\x8e\xd9' submitted request '9d8d6ca0-c921-45d3-a92d-0982d80852ec' to 25
2014-11-23 15:34:07.319 [IPControllerApp] queue::client b'\x00\x06\x05\x8e\xd9' submitted request '577c0f88-eab5-41ab-b76b-934c06ab22c7' to 26
2014-11-23 15:34:07.320 [IPControllerApp] queue::client b'\x00\x06\x05\x8e\xd9' submitted request '2bf1a4df-6bc6-4003-a12b-132cb133a384' to 27
2014-11-23 15:34:07.321 [IPControllerApp] queue::client b'\x00\x06\x05\x8e\xd9' submitted request 'd2e5ea72-036e-47bd-bd8c-31f21efca41e' to 28
2014-11-23 15:34:07.324 [IPControllerApp] queue::client b'\x00\x06\x05\x8e\xd9' submitted request '089c5207-a60b-4df8-a562-e6a77e9b7cc1' to 29
2014-11-23 15:34:07.327 [IPControllerApp] queue::client b'\x00\x06\x05\x8e\xd9' submitted request '76558055-5cb8-455b-be03-82a3f80feacd' to 30
2014-11-23 15:34:07.330 [IPControllerApp] queue::client b'\x00\x06\x05\x8e\xd9' submitted request 'b72f47f1-5cfe-40f3-af57-99a9a3dab8af' to 31
2014-11-23 15:34:07.332 [IPControllerApp] queue::request 'fd86b392-7300-4ee6-b8a4-d43c250a651e' completed on 12
2014-11-23 15:34:07.335 [IPControllerApp] queue::request 'd9f97563-daea-4234-baf7-67e5da846bfe' completed on 20
2014-11-23 15:34:07.338 [IPControllerApp] queue::request 'f15ac378-6a70-43b6-ad45-2654092d7c54' completed on 15
2014-11-23 15:34:07.340 [IPControllerApp] queue::request '0db748c1-866b-40b9-9ca9-cb158ee056b0' completed on 21
2014-11-23 15:34:07.340 [IPControllerApp] queue::request 'f7daf2be-a5a0-48f9-ac34-0a2d6cf02aad' completed on 23
2014-11-23 15:34:07.341 [IPControllerApp] queue::request '2bf1a4df-6bc6-4003-a12b-132cb133a384' completed on 27
2014-11-23 15:34:07.342 [IPControllerApp] queue::request 'd2e5ea72-036e-47bd-bd8c-31f21efca41e' completed on 28
2014-11-23 15:34:07.342 [IPControllerApp] queue::request '089c5207-a60b-4df8-a562-e6a77e9b7cc1' completed on 29
2014-11-23 15:34:07.343 [IPControllerApp] queue::request '06567260-dff0-4b1b-bf47-3b9e2edf443e' completed on 24
2014-11-23 15:34:07.344 [IPControllerApp] queue::request '82d13bee-6118-4746-8fe4-74bb13eb23a2' completed on 22
2014-11-23 15:34:07.344 [IPControllerApp] queue::request '9d8d6ca0-c921-45d3-a92d-0982d80852ec' completed on 25
2014-11-23 15:34:07.345 [IPControllerApp] queue::request '577c0f88-eab5-41ab-b76b-934c06ab22c7' completed on 26
2014-11-23 15:34:07.345 [IPControllerApp] queue::client b'\x00\x06\x05\x8e\xd9' submitted request '9fa17e40-e9e3-4cef-ad7c-bd9d51296efa' to 0
2014-11-23 15:34:07.346 [IPControllerApp] queue::client b'\x00\x06\x05\x8e\xd9' submitted request 'dad0b096-101d-4ef5-a875-e8a2dd022b64' to 1
2014-11-23 15:34:07.346 [IPControllerApp] queue::client b'\x00\x06\x05\x8e\xd9' submitted request 'dc11d202-6c11-4a33-bb9e-aa948a59d8ec' to 2
2014-11-23 15:34:07.347 [IPControllerApp] queue::client b'\x00\x06\x05\x8e\xd9' submitted request '1d7021ff-a07e-4c25-9ede-a53b20325a6b' to 3
2014-11-23 15:34:07.347 [IPControllerApp] queue::client b'\x00\x06\x05\x8e\xd9' submitted request '7954a5cc-6031-4e76-979b-f12247145007' to 4
2014-11-23 15:34:07.348 [IPControllerApp] queue::client b'\x00\x06\x05\x8e\xd9' submitted request '8dce255f-bf92-4d9d-9de9-df783d59c803' to 5
2014-11-23 15:34:07.348 [IPControllerApp] queue::client b'\x00\x06\x05\x8e\xd9' submitted request 'cc318ebe-b002-40bb-bb9f-a6a4bc887af3' to 6
2014-11-23 15:34:07.349 [IPControllerApp] queue::client b'\x00\x06\x05\x8e\xd9' submitted request 'de9a2620-1c89-40f6-8ad3-7b9847012e5d' to 7
2014-11-23 15:34:07.349 [IPControllerApp] queue::client b'\x00\x06\x05\x8e\xd9' submitted request 'c7c543da-b574-4573-a389-54e828cff252' to 8
2014-11-23 15:34:07.350 [IPControllerApp] queue::client b'\x00\x06\x05\x8e\xd9' submitted request '0fdf9cfd-9b81-4b69-b0fa-86327bc929c9' to 9
2014-11-23 15:34:07.350 [IPControllerApp] queue::request '76558055-5cb8-455b-be03-82a3f80feacd' completed on 30
2014-11-23 15:34:07.351 [IPControllerApp] queue::request 'b72f47f1-5cfe-40f3-af57-99a9a3dab8af' completed on 31
2014-11-23 15:34:07.352 [IPControllerApp] queue::client b'\x00\x06\x05\x8e\xd9' submitted request '386ef3ae-dc5d-4c49-85c0-659ce188b1fa' to 10
2014-11-23 15:34:07.352 [IPControllerApp] queue::request 'dad0b096-101d-4ef5-a875-e8a2dd022b64' completed on 1
2014-11-23 15:34:07.353 [IPControllerApp] queue::client b'\x00\x06\x05\x8e\xd9' submitted request '5c97e1ac-0da0-41a2-ae79-c8d1699f9a4a' to 11
2014-11-23 15:34:07.354 [IPControllerApp] queue::request '9fa17e40-e9e3-4cef-ad7c-bd9d51296efa' completed on 0
2014-11-23 15:34:07.355 [IPControllerApp] queue::client b'\x00\x06\x05\x8e\xd9' submitted request '5682d947-d2ce-4b80-9b72-a09b97935e4b' to 12
2014-11-23 15:34:07.355 [IPControllerApp] queue::client b'\x00\x06\x05\x8e\xd9' submitted request '50d616d4-b6a8-4910-bc8c-09ea7371e2be' to 13
2014-11-23 15:34:07.356 [IPControllerApp] queue::client b'\x00\x06\x05\x8e\xd9' submitted request 'cf520d63-432e-4fef-b1f6-4b7616c722f0' to 14
2014-11-23 15:34:07.357 [IPControllerApp] queue::request '1d7021ff-a07e-4c25-9ede-a53b20325a6b' completed on 3
2014-11-23 15:34:07.357 [IPControllerApp] queue::client b'\x00\x06\x05\x8e\xd9' submitted request '807e500b-719e-467d-9858-09855fe65497' to 15
2014-11-23 15:34:07.358 [IPControllerApp] queue::request 'de9a2620-1c89-40f6-8ad3-7b9847012e5d' completed on 7
2014-11-23 15:34:07.358 [IPControllerApp] queue::client b'\x00\x06\x05\x8e\xd9' submitted request 'cc26c6f3-3aed-4e4d-a6fb-e8d4894e77d4' to 16
2014-11-23 15:34:07.359 [IPControllerApp] queue::request '0fdf9cfd-9b81-4b69-b0fa-86327bc929c9' completed on 9
2014-11-23 15:34:07.359 [IPControllerApp] queue::request '7954a5cc-6031-4e76-979b-f12247145007' completed on 4
2014-11-23 15:34:07.360 [IPControllerApp] queue::request '8dce255f-bf92-4d9d-9de9-df783d59c803' completed on 5
2014-11-23 15:34:07.361 [IPControllerApp] queue::request 'dc11d202-6c11-4a33-bb9e-aa948a59d8ec' completed on 2
2014-11-23 15:34:07.361 [IPControllerApp] queue::client b'\x00\x06\x05\x8e\xd9' submitted request '72026b19-2e74-4e6b-ae60-eb45fdcb9dad' to 17
2014-11-23 15:34:07.362 [IPControllerApp] queue::request 'c7c543da-b574-4573-a389-54e828cff252' completed on 8
2014-11-23 15:34:07.363 [IPControllerApp] queue::client b'\x00\x06\x05\x8e\xd9' submitted request 'b79ca779-3387-441a-a9d6-5b478d178812' to 18
2014-11-23 15:34:07.363 [IPControllerApp] queue::request 'cc318ebe-b002-40bb-bb9f-a6a4bc887af3' completed on 6
2014-11-23 15:34:07.364 [IPControllerApp] queue::client b'\x00\x06\x05\x8e\xd9' submitted request '83a82237-f7eb-45d1-852c-e3f39dbe1019' to 19
2014-11-23 15:34:07.365 [IPControllerApp] queue::client b'\x00\x06\x05\x8e\xd9' submitted request '22397cf7-9572-44e0-b4f0-57aee941058d' to 20
2014-11-23 15:34:07.365 [IPControllerApp] queue::client b'\x00\x06\x05\x8e\xd9' submitted request 'ca7afe55-b8ce-4a6c-ab6e-e7aded49d48a' to 21
2014-11-23 15:34:07.366 [IPControllerApp] queue::client b'\x00\x06\x05\x8e\xd9' submitted request '00826c9d-cee2-472f-ad2f-276617994dd5' to 22
2014-11-23 15:34:07.366 [IPControllerApp] queue::client b'\x00\x06\x05\x8e\xd9' submitted request 'e8824011-9cbd-4c89-afc4-194865aaa9eb' to 23
2014-11-23 15:34:07.367 [IPControllerApp] queue::client b'\x00\x06\x05\x8e\xd9' submitted request '0e821e30-374c-4eb1-9531-ac86acd6b6a0' to 24
2014-11-23 15:34:07.367 [IPControllerApp] queue::client b'\x00\x06\x05\x8e\xd9' submitted request 'be8f08e3-187e-4bf9-b8bc-90e7dc1e126c' to 25
2014-11-23 15:34:07.368 [IPControllerApp] queue::client b'\x00\x06\x05\x8e\xd9' submitted request 'c07460a4-8225-4fd2-8e4b-a1e6ba2f3b8c' to 26
2014-11-23 15:34:07.369 [IPControllerApp] queue::client b'\x00\x06\x05\x8e\xd9' submitted request '15c895e4-8810-44cd-9afb-7a4727e5d509' to 27
2014-11-23 15:34:07.369 [IPControllerApp] queue::client b'\x00\x06\x05\x8e\xd9' submitted request '19dabbee-4fc7-48fb-b9e6-bbf7d33a74f7' to 28
2014-11-23 15:34:07.370 [IPControllerApp] queue::request '5c97e1ac-0da0-41a2-ae79-c8d1699f9a4a' completed on 11
2014-11-23 15:34:07.371 [IPControllerApp] queue::client b'\x00\x06\x05\x8e\xd9' submitted request 'fa83fa24-41a0-4db0-b14c-635a3f208a6e' to 29
2014-11-23 15:34:07.371 [IPControllerApp] queue::request '50d616d4-b6a8-4910-bc8c-09ea7371e2be' completed on 13
2014-11-23 15:34:07.372 [IPControllerApp] queue::client b'\x00\x06\x05\x8e\xd9' submitted request '178b0a89-cb44-41e9-a080-e820aa17129a' to 30
2014-11-23 15:34:07.373 [IPControllerApp] queue::request '5682d947-d2ce-4b80-9b72-a09b97935e4b' completed on 12
2014-11-23 15:34:07.373 [IPControllerApp] queue::request '386ef3ae-dc5d-4c49-85c0-659ce188b1fa' completed on 10
2014-11-23 15:34:07.374 [IPControllerApp] queue::request 'cc26c6f3-3aed-4e4d-a6fb-e8d4894e77d4' completed on 16
2014-11-23 15:34:07.374 [IPControllerApp] queue::request '807e500b-719e-467d-9858-09855fe65497' completed on 15
2014-11-23 15:34:07.375 [IPControllerApp] queue::request 'cf520d63-432e-4fef-b1f6-4b7616c722f0' completed on 14
2014-11-23 15:34:07.375 [IPControllerApp] queue::request 'b79ca779-3387-441a-a9d6-5b478d178812' completed on 18
2014-11-23 15:34:07.376 [IPControllerApp] queue::request '83a82237-f7eb-45d1-852c-e3f39dbe1019' completed on 19
2014-11-23 15:34:07.376 [IPControllerApp] queue::request 'ca7afe55-b8ce-4a6c-ab6e-e7aded49d48a' completed on 21
2014-11-23 15:34:07.377 [IPControllerApp] queue::client b'\x00\x06\x05\x8e\xd9' submitted request 'ee614c33-d711-4e29-99a9-41bcc0336ff9' to 31
2014-11-23 15:34:07.377 [IPControllerApp] queue::request '00826c9d-cee2-472f-ad2f-276617994dd5' completed on 22
2014-11-23 15:34:07.378 [IPControllerApp] queue::client b'\x00\x06\x05\x8e\xd9' submitted request 'a5c7daf4-9051-4ca7-aa37-0cfc87830f37' to 0
2014-11-23 15:34:07.379 [IPControllerApp] queue::request '72026b19-2e74-4e6b-ae60-eb45fdcb9dad' completed on 17
2014-11-23 15:34:07.379 [IPControllerApp] queue::client b'\x00\x06\x05\x8e\xd9' submitted request '2b0fbcce-b65e-4c96-8fc8-f8b342fc0be3' to 1
2014-11-23 15:34:07.380 [IPControllerApp] queue::request '22397cf7-9572-44e0-b4f0-57aee941058d' completed on 20
2014-11-23 15:34:07.380 [IPControllerApp] queue::client b'\x00\x06\x05\x8e\xd9' submitted request '83e5dd2c-a99e-499b-962a-1e0cc3bcd293' to 2
2014-11-23 15:34:07.381 [IPControllerApp] queue::client b'\x00\x06\x05\x8e\xd9' submitted request 'c030fda7-12c8-4749-8ec4-af648c02205b' to 3
2014-11-23 15:34:07.381 [IPControllerApp] queue::client b'\x00\x06\x05\x8e\xd9' submitted request 'bbab2764-f2f7-42ed-92a6-40bec04b9202' to 4
2014-11-23 15:34:07.382 [IPControllerApp] queue::client b'\x00\x06\x05\x8e\xd9' submitted request '6eafdbe4-b59b-4a20-a09a-9d01a5480a11' to 5
2014-11-23 15:34:07.382 [IPControllerApp] queue::request 'be8f08e3-187e-4bf9-b8bc-90e7dc1e126c' completed on 25
2014-11-23 15:34:07.383 [IPControllerApp] queue::request '0e821e30-374c-4eb1-9531-ac86acd6b6a0' completed on 24
2014-11-23 15:34:07.383 [IPControllerApp] queue::request 'e8824011-9cbd-4c89-afc4-194865aaa9eb' completed on 23
2014-11-23 15:34:07.384 [IPControllerApp] queue::request '19dabbee-4fc7-48fb-b9e6-bbf7d33a74f7' completed on 28
2014-11-23 15:34:07.384 [IPControllerApp] queue::request 'c07460a4-8225-4fd2-8e4b-a1e6ba2f3b8c' completed on 26
2014-11-23 15:34:07.385 [IPControllerApp] queue::request '15c895e4-8810-44cd-9afb-7a4727e5d509' completed on 27
2014-11-23 15:34:07.386 [IPControllerApp] queue::request '2b0fbcce-b65e-4c96-8fc8-f8b342fc0be3' completed on 1
2014-11-23 15:34:07.386 [IPControllerApp] queue::request '83e5dd2c-a99e-499b-962a-1e0cc3bcd293' completed on 2
2014-11-23 15:34:07.387 [IPControllerApp] queue::request 'fa83fa24-41a0-4db0-b14c-635a3f208a6e' completed on 29
2014-11-23 15:34:07.388 [IPControllerApp] queue::request 'bbab2764-f2f7-42ed-92a6-40bec04b9202' completed on 4
2014-11-23 15:34:07.388 [IPControllerApp] queue::request '178b0a89-cb44-41e9-a080-e820aa17129a' completed on 30
2014-11-23 15:34:07.389 [IPControllerApp] queue::client b'\x00\x06\x05\x8e\xd9' submitted request '95fd6eac-b9dc-4fe3-8825-cef178bf7a47' to 6
2014-11-23 15:34:07.389 [IPControllerApp] queue::request 'a5c7daf4-9051-4ca7-aa37-0cfc87830f37' completed on 0
2014-11-23 15:34:07.390 [IPControllerApp] queue::client b'\x00\x06\x05\x8e\xd9' submitted request 'df0994b6-d729-4812-bf30-87fbd22f3bdd' to 7
2014-11-23 15:34:07.390 [IPControllerApp] queue::client b'\x00\x06\x05\x8e\xd9' submitted request 'b9f661de-37b1-44a4-8134-ecbb80de5a33' to 8
2014-11-23 15:34:07.391 [IPControllerApp] queue::client b'\x00\x06\x05\x8e\xd9' submitted request 'c365c519-392d-4285-8071-35eca58f0488' to 9
2014-11-23 15:34:07.392 [IPControllerApp] queue::client b'\x00\x06\x05\x8e\xd9' submitted request 'f829bdf8-450a-41df-9ec8-6b610b01e5b7' to 10
2014-11-23 15:34:07.392 [IPControllerApp] queue::client b'\x00\x06\x05\x8e\xd9' submitted request 'fcbf5c7e-776e-42db-a73a-780e5a452bc8' to 11
2014-11-23 15:34:07.393 [IPControllerApp] queue::client b'\x00\x06\x05\x8e\xd9' submitted request '6fac2d2b-b792-4039-92a2-c57e9dc2985a' to 12
2014-11-23 15:34:07.393 [IPControllerApp] queue::client b'\x00\x06\x05\x8e\xd9' submitted request 'a3ac3876-a09a-4658-9ef6-5b6eb9e2683b' to 13
2014-11-23 15:34:07.394 [IPControllerApp] queue::request '6eafdbe4-b59b-4a20-a09a-9d01a5480a11' completed on 5
2014-11-23 15:34:07.394 [IPControllerApp] queue::client b'\x00\x06\x05\x8e\xd9' submitted request '57b80e51-6194-4241-a559-984ffca03fb3' to 14
2014-11-23 15:34:07.395 [IPControllerApp] queue::request 'ee614c33-d711-4e29-99a9-41bcc0336ff9' completed on 31
2014-11-23 15:34:07.395 [IPControllerApp] queue::client b'\x00\x06\x05\x8e\xd9' submitted request '45d9ed77-a368-4895-9904-8c1c2c7619e3' to 15
2014-11-23 15:34:07.396 [IPControllerApp] queue::client b'\x00\x06\x05\x8e\xd9' submitted request 'd79174ba-382f-4d4d-bb33-5a40f15791fb' to 16
2014-11-23 15:34:07.396 [IPControllerApp] queue::client b'\x00\x06\x05\x8e\xd9' submitted request 'a23cd42d-75d0-4166-985f-5cb423aeae5a' to 17
2014-11-23 15:34:07.397 [IPControllerApp] queue::client b'\x00\x06\x05\x8e\xd9' submitted request '8a4d0541-e88c-4bff-a2a3-d4adc3da1e2e' to 18
2014-11-23 15:34:07.397 [IPControllerApp] queue::request 'c030fda7-12c8-4749-8ec4-af648c02205b' completed on 3
2014-11-23 15:34:07.398 [IPControllerApp] queue::request '95fd6eac-b9dc-4fe3-8825-cef178bf7a47' completed on 6
2014-11-23 15:34:07.398 [IPControllerApp] queue::request 'c365c519-392d-4285-8071-35eca58f0488' completed on 9
2014-11-23 15:34:07.399 [IPControllerApp] queue::request 'df0994b6-d729-4812-bf30-87fbd22f3bdd' completed on 7
2014-11-23 15:34:07.400 [IPControllerApp] queue::request '6fac2d2b-b792-4039-92a2-c57e9dc2985a' completed on 12
2014-11-23 15:34:07.400 [IPControllerApp] queue::request 'd79174ba-382f-4d4d-bb33-5a40f15791fb' completed on 16
2014-11-23 15:34:07.401 [IPControllerApp] queue::request 'a3ac3876-a09a-4658-9ef6-5b6eb9e2683b' completed on 13
2014-11-23 15:34:07.401 [IPControllerApp] queue::request '57b80e51-6194-4241-a559-984ffca03fb3' completed on 14
2014-11-23 15:34:07.402 [IPControllerApp] queue::request 'b9f661de-37b1-44a4-8134-ecbb80de5a33' completed on 8
2014-11-23 15:34:07.403 [IPControllerApp] queue::client b'\x00\x06\x05\x8e\xd9' submitted request 'ba5f0ec9-8ded-4aad-ab92-d38a056b7816' to 19
2014-11-23 15:34:07.403 [IPControllerApp] queue::request 'fcbf5c7e-776e-42db-a73a-780e5a452bc8' completed on 11
2014-11-23 15:34:07.404 [IPControllerApp] queue::client b'\x00\x06\x05\x8e\xd9' submitted request 'e9f1ed0c-f3a9-4eae-a0ff-dad0d077bcaf' to 20
2014-11-23 15:34:07.404 [IPControllerApp] queue::request '45d9ed77-a368-4895-9904-8c1c2c7619e3' completed on 15
2014-11-23 15:34:07.405 [IPControllerApp] queue::client b'\x00\x06\x05\x8e\xd9' submitted request '7ec78257-d0a7-4ff1-8da4-43a94be06e43' to 21
2014-11-23 15:34:07.405 [IPControllerApp] queue::request '8a4d0541-e88c-4bff-a2a3-d4adc3da1e2e' completed on 18
2014-11-23 15:34:07.406 [IPControllerApp] queue::client b'\x00\x06\x05\x8e\xd9' submitted request '2ae2769d-6603-420a-8b38-5171a77e1e34' to 22
2014-11-23 15:34:07.407 [IPControllerApp] queue::client b'\x00\x06\x05\x8e\xd9' submitted request 'f08340b2-4cb6-44ec-a61a-debcf1fc7322' to 23
2014-11-23 15:34:07.407 [IPControllerApp] queue::client b'\x00\x06\x05\x8e\xd9' submitted request '3d0a0096-d1e1-4ea9-a76c-3627d13360ee' to 24
2014-11-23 15:34:07.407 [IPControllerApp] queue::client b'\x00\x06\x05\x8e\xd9' submitted request 'bb86d49c-5ddc-4ebd-abff-a8921221f5f6' to 25
2014-11-23 15:34:07.408 [IPControllerApp] queue::request 'a23cd42d-75d0-4166-985f-5cb423aeae5a' completed on 17
2014-11-23 15:34:07.409 [IPControllerApp] queue::request 'f829bdf8-450a-41df-9ec8-6b610b01e5b7' completed on 10
2014-11-23 15:34:07.409 [IPControllerApp] queue::client b'\x00\x06\x05\x8e\xd9' submitted request '7f96d85a-14e9-40bb-a73a-dc54dd7c505e' to 26
2014-11-23 15:34:07.410 [IPControllerApp] queue::request 'ba5f0ec9-8ded-4aad-ab92-d38a056b7816' completed on 19
2014-11-23 15:34:07.410 [IPControllerApp] queue::request 'e9f1ed0c-f3a9-4eae-a0ff-dad0d077bcaf' completed on 20
2014-11-23 15:34:07.411 [IPControllerApp] queue::client b'\x00\x06\x05\x8e\xd9' submitted request 'a34c2165-540b-43f3-a1dd-458995cb1595' to 27
2014-11-23 15:34:07.411 [IPControllerApp] queue::request '7ec78257-d0a7-4ff1-8da4-43a94be06e43' completed on 21
2014-11-23 15:34:07.412 [IPControllerApp] queue::client b'\x00\x06\x05\x8e\xd9' submitted request '0da5133c-cc3a-4f4b-ae82-d7f53c78b030' to 28
2014-11-23 15:34:07.412 [IPControllerApp] queue::request '2ae2769d-6603-420a-8b38-5171a77e1e34' completed on 22
2014-11-23 15:34:07.413 [IPControllerApp] queue::client b'\x00\x06\x05\x8e\xd9' submitted request 'e1530882-32e3-411c-94d9-44aaa30b11a5' to 29
2014-11-23 15:34:07.413 [IPControllerApp] queue::client b'\x00\x06\x05\x8e\xd9' submitted request '7ec38868-4c1b-4276-9647-aa770a0d6c69' to 30
2014-11-23 15:34:07.414 [IPControllerApp] queue::client b'\x00\x06\x05\x8e\xd9' submitted request '7de344cc-184f-41c4-873b-fede7141b712' to 31
2014-11-23 15:34:07.414 [IPControllerApp] queue::request '3d0a0096-d1e1-4ea9-a76c-3627d13360ee' completed on 24
2014-11-23 15:34:07.415 [IPControllerApp] queue::request 'f08340b2-4cb6-44ec-a61a-debcf1fc7322' completed on 23
2014-11-23 15:34:07.415 [IPControllerApp] queue::request 'bb86d49c-5ddc-4ebd-abff-a8921221f5f6' completed on 25
2014-11-23 15:34:07.416 [IPControllerApp] queue::request '7f96d85a-14e9-40bb-a73a-dc54dd7c505e' completed on 26
2014-11-23 15:34:07.416 [IPControllerApp] queue::request '7ec38868-4c1b-4276-9647-aa770a0d6c69' completed on 30
2014-11-23 15:34:07.417 [IPControllerApp] queue::request 'a34c2165-540b-43f3-a1dd-458995cb1595' completed on 27
2014-11-23 15:34:07.418 [IPControllerApp] queue::request '7de344cc-184f-41c4-873b-fede7141b712' completed on 31
2014-11-23 15:34:07.418 [IPControllerApp] queue::request 'e1530882-32e3-411c-94d9-44aaa30b11a5' completed on 29
2014-11-23 15:34:07.419 [IPControllerApp] queue::request '0da5133c-cc3a-4f4b-ae82-d7f53c78b030' completed on 28
2014-11-23 15:54:48.337 [IPControllerApp] client::client b'\x00\x80\x00A\xaa' requested 'connection_request'
2014-11-23 15:54:48.337 [IPControllerApp] client::client [b'\x00\x80\x00A\xaa'] connected
2014-11-23 15:54:48.345 [IPControllerApp] queue::client b'\x00\x06\x05\x8e\xda' submitted request 'c3d046cf-d684-496f-9a6f-558182ee3452' to 0
2014-11-23 15:54:48.345 [IPControllerApp] queue::client b'\x00\x06\x05\x8e\xda' submitted request '7c211868-e59a-4948-9ea5-20e1e61f39be' to 1
2014-11-23 15:54:48.348 [IPControllerApp] queue::client b'\x00\x06\x05\x8e\xda' submitted request 'cf3fee44-893c-42f9-bd08-5e0a4e6dcf93' to 2
2014-11-23 15:54:48.349 [IPControllerApp] queue::client b'\x00\x06\x05\x8e\xda' submitted request 'a543c242-696d-46d9-84c8-c8eb23183d53' to 3
2014-11-23 15:54:48.349 [IPControllerApp] queue::client b'\x00\x06\x05\x8e\xda' submitted request 'f6e7788f-c8b5-4415-9326-4f5cf3146c9a' to 4
2014-11-23 15:54:48.350 [IPControllerApp] queue::client b'\x00\x06\x05\x8e\xda' submitted request '97eff201-8295-442b-93f4-849ed5a8b4ed' to 5
2014-11-23 15:54:48.350 [IPControllerApp] queue::client b'\x00\x06\x05\x8e\xda' submitted request '7f45d068-965a-4d8c-9572-0870d055e33d' to 6
2014-11-23 15:54:48.351 [IPControllerApp] queue::client b'\x00\x06\x05\x8e\xda' submitted request 'f22f25fe-825a-4d41-a188-ea3448405aa2' to 7
2014-11-23 15:54:48.354 [IPControllerApp] queue::client b'\x00\x06\x05\x8e\xda' submitted request 'c626a85a-bcfc-4adf-811d-feb5959eee5e' to 8
2014-11-23 15:54:48.355 [IPControllerApp] queue::request 'c3d046cf-d684-496f-9a6f-558182ee3452' completed on 0
2014-11-23 15:54:48.357 [IPControllerApp] queue::client b'\x00\x06\x05\x8e\xda' submitted request '5d3f9bf4-5069-4ca1-80fa-b9c5d7d8b0bc' to 9
2014-11-23 15:54:48.358 [IPControllerApp] queue::request '7c211868-e59a-4948-9ea5-20e1e61f39be' completed on 1
2014-11-23 15:54:48.359 [IPControllerApp] queue::request '97eff201-8295-442b-93f4-849ed5a8b4ed' completed on 5
2014-11-23 15:54:48.366 [IPControllerApp] queue::request 'cf3fee44-893c-42f9-bd08-5e0a4e6dcf93' completed on 2
2014-11-23 15:54:48.369 [IPControllerApp] queue::request 'a543c242-696d-46d9-84c8-c8eb23183d53' completed on 3
2014-11-23 15:54:48.371 [IPControllerApp] queue::client b'\x00\x06\x05\x8e\xda' submitted request 'd4015775-0e18-4373-97ff-1886f25c03d0' to 10
2014-11-23 15:54:48.372 [IPControllerApp] queue::client b'\x00\x06\x05\x8e\xda' submitted request 'dfc57327-0c78-4b52-940f-f0a44aac340e' to 11
2014-11-23 15:54:48.374 [IPControllerApp] queue::client b'\x00\x06\x05\x8e\xda' submitted request 'f8dcd884-5c7b-4bc2-be2c-3aadd2b86544' to 12
2014-11-23 15:54:48.379 [IPControllerApp] queue::client b'\x00\x06\x05\x8e\xda' submitted request 'c790e8df-c376-4e7c-9fe3-0c4d19defce4' to 13
2014-11-23 15:54:48.380 [IPControllerApp] queue::client b'\x00\x06\x05\x8e\xda' submitted request '910c5c0c-f855-4897-8cb7-7635ebb57097' to 14
2014-11-23 15:54:48.383 [IPControllerApp] queue::client b'\x00\x06\x05\x8e\xda' submitted request '18c121bb-d6a1-4d75-9fe7-43ef92899e44' to 15
2014-11-23 15:54:48.385 [IPControllerApp] queue::client b'\x00\x06\x05\x8e\xda' submitted request 'd9baaf79-fe08-4e9d-aaf7-3236792eb849' to 16
2014-11-23 15:54:48.386 [IPControllerApp] queue::client b'\x00\x06\x05\x8e\xda' submitted request '22b0ab4e-816c-4467-90d2-0a1f22437228' to 17
2014-11-23 15:54:48.389 [IPControllerApp] queue::request '7f45d068-965a-4d8c-9572-0870d055e33d' completed on 6
2014-11-23 15:54:48.391 [IPControllerApp] queue::client b'\x00\x06\x05\x8e\xda' submitted request '2857d1bb-e2bc-4831-ac5c-1da4fe3829ef' to 18
2014-11-23 15:54:48.392 [IPControllerApp] queue::request 'f22f25fe-825a-4d41-a188-ea3448405aa2' completed on 7
2014-11-23 15:54:48.393 [IPControllerApp] queue::client b'\x00\x06\x05\x8e\xda' submitted request '0b81229e-9a3f-4614-bb59-268491189e1a' to 19
2014-11-23 15:54:48.397 [IPControllerApp] queue::request 'f6e7788f-c8b5-4415-9326-4f5cf3146c9a' completed on 4
2014-11-23 15:54:48.399 [IPControllerApp] queue::client b'\x00\x06\x05\x8e\xda' submitted request '59672e5a-47da-4e25-a21f-37d7acb20a6c' to 20
2014-11-23 15:54:48.401 [IPControllerApp] queue::client b'\x00\x06\x05\x8e\xda' submitted request '56badc12-c2ec-45d7-842e-b46c109bf15d' to 21
2014-11-23 15:54:48.406 [IPControllerApp] queue::client b'\x00\x06\x05\x8e\xda' submitted request 'a74c8794-5452-4682-bbfd-19bb65f2ddb3' to 22
2014-11-23 15:54:48.408 [IPControllerApp] queue::client b'\x00\x06\x05\x8e\xda' submitted request '63a8e8e4-390f-40ef-bdf8-c6b51dde3a91' to 23
2014-11-23 15:54:48.414 [IPControllerApp] queue::client b'\x00\x06\x05\x8e\xda' submitted request 'c843281a-74e9-4d68-94ce-f3265f541583' to 24
2014-11-23 15:54:48.416 [IPControllerApp] queue::client b'\x00\x06\x05\x8e\xda' submitted request '815b0238-e8bc-41ab-ae81-4469e6c27f08' to 25
2014-11-23 15:54:48.417 [IPControllerApp] queue::request 'dfc57327-0c78-4b52-940f-f0a44aac340e' completed on 11
2014-11-23 15:54:48.418 [IPControllerApp] queue::client b'\x00\x06\x05\x8e\xda' submitted request 'a84c1f6b-85eb-4666-98ef-37e7e07c7d50' to 26
2014-11-23 15:54:48.423 [IPControllerApp] queue::request 'c626a85a-bcfc-4adf-811d-feb5959eee5e' completed on 8
2014-11-23 15:54:48.425 [IPControllerApp] queue::client b'\x00\x06\x05\x8e\xda' submitted request 'f814152e-fd52-40f4-a2a1-2507e9bf6549' to 27
2014-11-23 15:54:48.426 [IPControllerApp] queue::client b'\x00\x06\x05\x8e\xda' submitted request 'b287be73-16c0-45d2-8da0-9b18b763831c' to 28
2014-11-23 15:54:48.427 [IPControllerApp] queue::request 'd4015775-0e18-4373-97ff-1886f25c03d0' completed on 10
2014-11-23 15:54:48.428 [IPControllerApp] queue::request 'c790e8df-c376-4e7c-9fe3-0c4d19defce4' completed on 13
2014-11-23 15:54:48.429 [IPControllerApp] queue::request '910c5c0c-f855-4897-8cb7-7635ebb57097' completed on 14
2014-11-23 15:54:48.429 [IPControllerApp] queue::request 'f8dcd884-5c7b-4bc2-be2c-3aadd2b86544' completed on 12
2014-11-23 15:54:48.430 [IPControllerApp] queue::request '5d3f9bf4-5069-4ca1-80fa-b9c5d7d8b0bc' completed on 9
2014-11-23 15:54:48.431 [IPControllerApp] queue::request '18c121bb-d6a1-4d75-9fe7-43ef92899e44' completed on 15
2014-11-23 15:54:48.432 [IPControllerApp] queue::request '22b0ab4e-816c-4467-90d2-0a1f22437228' completed on 17
2014-11-23 15:54:48.432 [IPControllerApp] queue::request '2857d1bb-e2bc-4831-ac5c-1da4fe3829ef' completed on 18
2014-11-23 15:54:48.433 [IPControllerApp] queue::request '59672e5a-47da-4e25-a21f-37d7acb20a6c' completed on 20
2014-11-23 15:54:48.434 [IPControllerApp] queue::request '63a8e8e4-390f-40ef-bdf8-c6b51dde3a91' completed on 23
2014-11-23 15:54:48.434 [IPControllerApp] queue::request 'd9baaf79-fe08-4e9d-aaf7-3236792eb849' completed on 16
2014-11-23 15:54:48.435 [IPControllerApp] queue::request 'c843281a-74e9-4d68-94ce-f3265f541583' completed on 24
2014-11-23 15:54:48.435 [IPControllerApp] queue::request '0b81229e-9a3f-4614-bb59-268491189e1a' completed on 19
2014-11-23 15:54:48.436 [IPControllerApp] queue::request 'f814152e-fd52-40f4-a2a1-2507e9bf6549' completed on 27
2014-11-23 15:54:48.437 [IPControllerApp] queue::request 'b287be73-16c0-45d2-8da0-9b18b763831c' completed on 28
2014-11-23 15:54:48.438 [IPControllerApp] queue::request 'a74c8794-5452-4682-bbfd-19bb65f2ddb3' completed on 22
2014-11-23 15:54:48.439 [IPControllerApp] queue::request '56badc12-c2ec-45d7-842e-b46c109bf15d' completed on 21
2014-11-23 15:54:48.440 [IPControllerApp] queue::request '815b0238-e8bc-41ab-ae81-4469e6c27f08' completed on 25
2014-11-23 15:54:48.441 [IPControllerApp] queue::client b'\x00\x06\x05\x8e\xda' submitted request '86f30eec-8b8e-40f8-8332-6a608d004494' to 29
2014-11-23 15:54:48.441 [IPControllerApp] queue::client b'\x00\x06\x05\x8e\xda' submitted request 'b3a1bbc7-40fb-494d-8b11-9f30882f9b6a' to 30
2014-11-23 15:54:48.442 [IPControllerApp] queue::client b'\x00\x06\x05\x8e\xda' submitted request '4bb026df-9b79-45ef-bf55-7a77f03ac1d2' to 31
2014-11-23 15:54:48.443 [IPControllerApp] queue::client b'\x00\x06\x05\x8e\xda' submitted request 'b1d7c30d-02d8-43e3-a5ac-a1a26af0bb97' to 0
2014-11-23 15:54:48.443 [IPControllerApp] queue::client b'\x00\x06\x05\x8e\xda' submitted request '81425ac6-ae28-4c86-857d-425d0c6a1b47' to 1
2014-11-23 15:54:48.444 [IPControllerApp] queue::client b'\x00\x06\x05\x8e\xda' submitted request 'e7f34cea-129d-4b75-a82a-58b00911f6f6' to 2
2014-11-23 15:54:48.445 [IPControllerApp] queue::client b'\x00\x06\x05\x8e\xda' submitted request '9d730f3e-f428-4447-ba39-1e5738415276' to 3
2014-11-23 15:54:48.446 [IPControllerApp] queue::client b'\x00\x06\x05\x8e\xda' submitted request '34936416-9467-4cf9-8eca-3940af98bdef' to 4
2014-11-23 15:54:48.446 [IPControllerApp] queue::client b'\x00\x06\x05\x8e\xda' submitted request 'ff85b7b5-6301-49c3-9201-69a89ebcb3fd' to 5
2014-11-23 15:54:48.447 [IPControllerApp] queue::client b'\x00\x06\x05\x8e\xda' submitted request '19836802-0dbe-45ce-bcf6-fbc6b2d3e5e5' to 6
2014-11-23 15:54:48.447 [IPControllerApp] queue::client b'\x00\x06\x05\x8e\xda' submitted request 'efddd06f-ab85-4db2-959f-bdfc398f7ecf' to 7
2014-11-23 15:54:48.448 [IPControllerApp] queue::client b'\x00\x06\x05\x8e\xda' submitted request 'f8381b2a-c9dc-453b-af93-ba9b8de8525c' to 8
2014-11-23 15:54:48.449 [IPControllerApp] queue::client b'\x00\x06\x05\x8e\xda' submitted request '4ef0ce47-c536-44b1-a9d1-fb8cacabe162' to 9
2014-11-23 15:54:48.449 [IPControllerApp] queue::client b'\x00\x06\x05\x8e\xda' submitted request 'f8470925-d86e-476d-bf54-1f90e563f503' to 10
2014-11-23 15:54:48.450 [IPControllerApp] queue::client b'\x00\x06\x05\x8e\xda' submitted request '56fac3a8-a508-4012-b69c-08713e1282cc' to 11
2014-11-23 15:54:48.451 [IPControllerApp] queue::request 'a84c1f6b-85eb-4666-98ef-37e7e07c7d50' completed on 26
2014-11-23 15:54:48.452 [IPControllerApp] queue::client b'\x00\x06\x05\x8e\xda' submitted request '4204755e-0f9d-46ee-b8cc-efb7d633e947' to 12
2014-11-23 15:54:48.452 [IPControllerApp] queue::client b'\x00\x06\x05\x8e\xda' submitted request '0b041fb3-f71e-4d39-84e0-f5b53231e187' to 13
2014-11-23 15:54:48.453 [IPControllerApp] queue::client b'\x00\x06\x05\x8e\xda' submitted request '50d4460c-0111-409e-8cc0-92b9f4225119' to 14
2014-11-23 15:54:48.454 [IPControllerApp] queue::request '86f30eec-8b8e-40f8-8332-6a608d004494' completed on 29
2014-11-23 15:54:48.455 [IPControllerApp] queue::client b'\x00\x06\x05\x8e\xda' submitted request 'a1b30089-9e7b-4a30-87d5-ee7d537cdc9b' to 15
2014-11-23 15:54:48.455 [IPControllerApp] queue::request 'b1d7c30d-02d8-43e3-a5ac-a1a26af0bb97' completed on 0
2014-11-23 15:54:48.456 [IPControllerApp] queue::client b'\x00\x06\x05\x8e\xda' submitted request '2e77cd81-eba0-4f37-a455-381f205f6f21' to 16
2014-11-23 15:54:48.457 [IPControllerApp] queue::request '4bb026df-9b79-45ef-bf55-7a77f03ac1d2' completed on 31
2014-11-23 15:54:48.457 [IPControllerApp] queue::client b'\x00\x06\x05\x8e\xda' submitted request '7ad84a49-b6fc-4b7d-ac13-af70b7aa4352' to 17
2014-11-23 15:54:48.458 [IPControllerApp] queue::client b'\x00\x06\x05\x8e\xda' submitted request '6d7b231f-7344-44df-a54f-9b4da7c105b2' to 18
2014-11-23 15:54:48.459 [IPControllerApp] queue::request 'b3a1bbc7-40fb-494d-8b11-9f30882f9b6a' completed on 30
2014-11-23 15:54:48.459 [IPControllerApp] queue::request 'f8381b2a-c9dc-453b-af93-ba9b8de8525c' completed on 8
2014-11-23 15:54:48.460 [IPControllerApp] queue::request '19836802-0dbe-45ce-bcf6-fbc6b2d3e5e5' completed on 6
2014-11-23 15:54:48.461 [IPControllerApp] queue::request 'ff85b7b5-6301-49c3-9201-69a89ebcb3fd' completed on 5
2014-11-23 15:54:48.461 [IPControllerApp] queue::request 'efddd06f-ab85-4db2-959f-bdfc398f7ecf' completed on 7
2014-11-23 15:54:48.462 [IPControllerApp] queue::request '56fac3a8-a508-4012-b69c-08713e1282cc' completed on 11
2014-11-23 15:54:48.463 [IPControllerApp] queue::request '4204755e-0f9d-46ee-b8cc-efb7d633e947' completed on 12
2014-11-23 15:54:48.463 [IPControllerApp] queue::request '0b041fb3-f71e-4d39-84e0-f5b53231e187' completed on 13
2014-11-23 15:54:48.464 [IPControllerApp] queue::request '81425ac6-ae28-4c86-857d-425d0c6a1b47' completed on 1
2014-11-23 15:54:48.465 [IPControllerApp] queue::request '9d730f3e-f428-4447-ba39-1e5738415276' completed on 3
2014-11-23 15:54:48.465 [IPControllerApp] queue::request '34936416-9467-4cf9-8eca-3940af98bdef' completed on 4
2014-11-23 15:54:48.466 [IPControllerApp] queue::client b'\x00\x06\x05\x8e\xda' submitted request 'a952cc12-1ba4-4cf4-be9f-d5b98afa2bef' to 19
2014-11-23 15:54:48.466 [IPControllerApp] queue::request '4ef0ce47-c536-44b1-a9d1-fb8cacabe162' completed on 9
2014-11-23 15:54:48.467 [IPControllerApp] queue::client b'\x00\x06\x05\x8e\xda' submitted request '80ed170f-547f-46e1-b46e-87bd32072da4' to 20
2014-11-23 15:54:48.468 [IPControllerApp] queue::request 'f8470925-d86e-476d-bf54-1f90e563f503' completed on 10
2014-11-23 15:54:48.468 [IPControllerApp] queue::client b'\x00\x06\x05\x8e\xda' submitted request '90538a10-80a9-4d64-877d-48f5981fe75e' to 21
2014-11-23 15:54:48.469 [IPControllerApp] queue::client b'\x00\x06\x05\x8e\xda' submitted request '7e22bb23-1dae-435e-adc0-0ba910e98e6b' to 22
2014-11-23 15:54:48.470 [IPControllerApp] queue::client b'\x00\x06\x05\x8e\xda' submitted request '4423948e-3f52-461a-9b99-0c66b21a3db3' to 23
2014-11-23 15:54:48.470 [IPControllerApp] queue::client b'\x00\x06\x05\x8e\xda' submitted request 'cf0b15f0-d5d9-4202-b166-c69acb96becd' to 24
2014-11-23 15:54:48.471 [IPControllerApp] queue::client b'\x00\x06\x05\x8e\xda' submitted request 'a7642d7a-1b28-4c07-a772-f5039e6a28e9' to 25
2014-11-23 15:54:48.473 [IPControllerApp] queue::client b'\x00\x06\x05\x8e\xda' submitted request 'b866ca54-5b70-437a-bb68-a861598ef37c' to 26
2014-11-23 15:54:48.475 [IPControllerApp] queue::client b'\x00\x06\x05\x8e\xda' submitted request '513a8685-51e2-4389-8f35-35a147de5f70' to 27
2014-11-23 15:54:48.476 [IPControllerApp] queue::client b'\x00\x06\x05\x8e\xda' submitted request '4955923f-b848-4d50-850d-8713ecc1f7ef' to 28
2014-11-23 15:54:48.477 [IPControllerApp] queue::client b'\x00\x06\x05\x8e\xda' submitted request 'b780e1f6-cccd-4107-93c0-f1554813a29f' to 29
2014-11-23 15:54:48.478 [IPControllerApp] queue::client b'\x00\x06\x05\x8e\xda' submitted request '71fc9a31-6b67-4f9d-bd76-fc87742664c2' to 30
2014-11-23 15:54:48.478 [IPControllerApp] queue::client b'\x00\x06\x05\x8e\xda' submitted request 'e92b6ccd-4315-4e17-8e64-c4cc1890e06e' to 31
2014-11-23 15:54:48.479 [IPControllerApp] queue::client b'\x00\x06\x05\x8e\xda' submitted request 'dfd96e42-d8ba-427b-841d-fd869807afef' to 0
2014-11-23 15:54:48.479 [IPControllerApp] queue::client b'\x00\x06\x05\x8e\xda' submitted request '4277fbbf-4999-45b7-988c-3dbfe4d7db5a' to 1
2014-11-23 15:54:48.480 [IPControllerApp] queue::request 'a1b30089-9e7b-4a30-87d5-ee7d537cdc9b' completed on 15
2014-11-23 15:54:48.481 [IPControllerApp] queue::request 'e7f34cea-129d-4b75-a82a-58b00911f6f6' completed on 2
2014-11-23 15:54:48.481 [IPControllerApp] queue::request '2e77cd81-eba0-4f37-a455-381f205f6f21' completed on 16
2014-11-23 15:54:48.482 [IPControllerApp] queue::client b'\x00\x06\x05\x8e\xda' submitted request 'ebeda58d-1d74-412c-be7b-fbdcc4c89e90' to 2
2014-11-23 15:54:48.482 [IPControllerApp] queue::request '50d4460c-0111-409e-8cc0-92b9f4225119' completed on 14
2014-11-23 15:54:48.483 [IPControllerApp] queue::client b'\x00\x06\x05\x8e\xda' submitted request 'af1ed4a8-1c60-4ac3-8b73-2d9364651db0' to 3
2014-11-23 15:54:48.483 [IPControllerApp] queue::request '6d7b231f-7344-44df-a54f-9b4da7c105b2' completed on 18
2014-11-23 15:54:48.484 [IPControllerApp] queue::client b'\x00\x06\x05\x8e\xda' submitted request '6ff1684f-b95f-4103-8b56-b646ae24f387' to 4
2014-11-23 15:54:48.484 [IPControllerApp] queue::request 'dfd96e42-d8ba-427b-841d-fd869807afef' completed on 0
2014-11-23 15:54:48.485 [IPControllerApp] queue::client b'\x00\x06\x05\x8e\xda' submitted request 'cb8446f1-86fc-40fb-88e4-0be64e388f24' to 5
2014-11-23 15:54:48.485 [IPControllerApp] queue::request '7ad84a49-b6fc-4b7d-ac13-af70b7aa4352' completed on 17
2014-11-23 15:54:48.486 [IPControllerApp] queue::client b'\x00\x06\x05\x8e\xda' submitted request '1445a526-1dae-4b0f-8f46-97e87bd44269' to 6
2014-11-23 15:54:48.486 [IPControllerApp] queue::request 'a952cc12-1ba4-4cf4-be9f-d5b98afa2bef' completed on 19
2014-11-23 15:54:48.487 [IPControllerApp] queue::client b'\x00\x06\x05\x8e\xda' submitted request '06e174e7-41e5-4f42-b3d2-8b660ee03752' to 7
2014-11-23 15:54:48.487 [IPControllerApp] queue::request 'cf0b15f0-d5d9-4202-b166-c69acb96becd' completed on 24
2014-11-23 15:54:48.488 [IPControllerApp] queue::client b'\x00\x06\x05\x8e\xda' submitted request '9fd1d230-e51f-4a4f-96e0-0efa5c6a6db4' to 8
2014-11-23 15:54:48.489 [IPControllerApp] queue::client b'\x00\x06\x05\x8e\xda' submitted request 'aa35c169-9883-4032-aabc-3f2472e385c4' to 9
2014-11-23 15:54:48.489 [IPControllerApp] queue::request '90538a10-80a9-4d64-877d-48f5981fe75e' completed on 21
2014-11-23 15:54:48.490 [IPControllerApp] queue::request 'b866ca54-5b70-437a-bb68-a861598ef37c' completed on 26
2014-11-23 15:54:48.490 [IPControllerApp] queue::request 'e92b6ccd-4315-4e17-8e64-c4cc1890e06e' completed on 31
2014-11-23 15:54:48.491 [IPControllerApp] queue::request 'a7642d7a-1b28-4c07-a772-f5039e6a28e9' completed on 25
2014-11-23 15:54:48.492 [IPControllerApp] queue::request '80ed170f-547f-46e1-b46e-87bd32072da4' completed on 20
2014-11-23 15:54:48.492 [IPControllerApp] queue::request '4955923f-b848-4d50-850d-8713ecc1f7ef' completed on 28
2014-11-23 15:54:48.493 [IPControllerApp] queue::request '4423948e-3f52-461a-9b99-0c66b21a3db3' completed on 23
2014-11-23 15:54:48.494 [IPControllerApp] queue::request '513a8685-51e2-4389-8f35-35a147de5f70' completed on 27
2014-11-23 15:54:48.494 [IPControllerApp] queue::request '1445a526-1dae-4b0f-8f46-97e87bd44269' completed on 6
2014-11-23 15:54:48.495 [IPControllerApp] queue::request 'cb8446f1-86fc-40fb-88e4-0be64e388f24' completed on 5
2014-11-23 15:54:48.495 [IPControllerApp] queue::request '4277fbbf-4999-45b7-988c-3dbfe4d7db5a' completed on 1
2014-11-23 15:54:48.496 [IPControllerApp] queue::request '71fc9a31-6b67-4f9d-bd76-fc87742664c2' completed on 30
2014-11-23 15:54:48.496 [IPControllerApp] queue::request '7e22bb23-1dae-435e-adc0-0ba910e98e6b' completed on 22
2014-11-23 15:54:48.497 [IPControllerApp] queue::request '06e174e7-41e5-4f42-b3d2-8b660ee03752' completed on 7
2014-11-23 15:54:48.497 [IPControllerApp] queue::request 'aa35c169-9883-4032-aabc-3f2472e385c4' completed on 9
2014-11-23 15:54:48.498 [IPControllerApp] queue::client b'\x00\x06\x05\x8e\xda' submitted request '8387f641-e53a-41d4-81f5-466ea54ecc28' to 10
2014-11-23 15:54:48.498 [IPControllerApp] queue::request 'ebeda58d-1d74-412c-be7b-fbdcc4c89e90' completed on 2
2014-11-23 15:54:48.499 [IPControllerApp] queue::client b'\x00\x06\x05\x8e\xda' submitted request '46e51a47-0f15-48df-b1ea-a15d560a227c' to 11
2014-11-23 15:54:48.500 [IPControllerApp] queue::request '9fd1d230-e51f-4a4f-96e0-0efa5c6a6db4' completed on 8
2014-11-23 15:54:48.500 [IPControllerApp] queue::client b'\x00\x06\x05\x8e\xda' submitted request 'fe26c1bc-4a84-4299-ab67-a5521b76034e' to 12
2014-11-23 15:54:48.501 [IPControllerApp] queue::client b'\x00\x06\x05\x8e\xda' submitted request 'b4c49a5b-b2f8-4226-b6b6-a4d40c07b1ba' to 13
2014-11-23 15:54:48.501 [IPControllerApp] queue::client b'\x00\x06\x05\x8e\xda' submitted request 'be7fe7af-f1cf-4e8a-b3f6-2f5b8786f48e' to 14
2014-11-23 15:54:48.502 [IPControllerApp] queue::client b'\x00\x06\x05\x8e\xda' submitted request '7e59291b-e483-4214-9445-16471bb6ac7d' to 15
2014-11-23 15:54:48.503 [IPControllerApp] queue::client b'\x00\x06\x05\x8e\xda' submitted request '40a667cc-9199-4428-b2aa-23c242ef13c8' to 16
2014-11-23 15:54:48.503 [IPControllerApp] queue::client b'\x00\x06\x05\x8e\xda' submitted request '86480b5e-f483-4694-87a8-e8d450745511' to 17
2014-11-23 15:54:48.504 [IPControllerApp] queue::client b'\x00\x06\x05\x8e\xda' submitted request '6b6415d7-9c8b-4c75-ad4b-339a2510c661' to 18
2014-11-23 15:54:48.505 [IPControllerApp] queue::client b'\x00\x06\x05\x8e\xda' submitted request '6989b59c-988b-49b6-a842-d61bf6f6d15c' to 19
2014-11-23 15:54:48.505 [IPControllerApp] queue::client b'\x00\x06\x05\x8e\xda' submitted request 'a39406cb-3ce7-45d8-b7a0-f1781cf45250' to 20
2014-11-23 15:54:48.506 [IPControllerApp] queue::client b'\x00\x06\x05\x8e\xda' submitted request '8fb27b31-326e-48e5-b290-c398cf8622cc' to 21
2014-11-23 15:54:48.507 [IPControllerApp] queue::client b'\x00\x06\x05\x8e\xda' submitted request '9a93c741-402a-4c05-8583-b1586e1fdc10' to 22
2014-11-23 15:54:48.507 [IPControllerApp] queue::request 'af1ed4a8-1c60-4ac3-8b73-2d9364651db0' completed on 3
2014-11-23 15:54:48.508 [IPControllerApp] queue::request '6ff1684f-b95f-4103-8b56-b646ae24f387' completed on 4
2014-11-23 15:54:48.508 [IPControllerApp] queue::client b'\x00\x06\x05\x8e\xda' submitted request '9c5fd889-c0e9-4c9c-b837-32f0b5377820' to 23
2014-11-23 15:54:48.509 [IPControllerApp] queue::request 'fe26c1bc-4a84-4299-ab67-a5521b76034e' completed on 12
2014-11-23 15:54:48.510 [IPControllerApp] queue::client b'\x00\x06\x05\x8e\xda' submitted request 'a80094ba-39ff-4320-b73d-d74b4f722391' to 24
2014-11-23 15:54:48.510 [IPControllerApp] queue::request '8387f641-e53a-41d4-81f5-466ea54ecc28' completed on 10
2014-11-23 15:54:48.511 [IPControllerApp] queue::client b'\x00\x06\x05\x8e\xda' submitted request 'f7e37b89-f3bc-4945-ba7b-42747e771656' to 25
2014-11-23 15:54:48.511 [IPControllerApp] queue::request '46e51a47-0f15-48df-b1ea-a15d560a227c' completed on 11
2014-11-23 15:54:48.512 [IPControllerApp] queue::request 'b4c49a5b-b2f8-4226-b6b6-a4d40c07b1ba' completed on 13
2014-11-23 15:54:48.512 [IPControllerApp] queue::request '7e59291b-e483-4214-9445-16471bb6ac7d' completed on 15
2014-11-23 15:54:48.513 [IPControllerApp] queue::request '86480b5e-f483-4694-87a8-e8d450745511' completed on 17
2014-11-23 15:54:48.514 [IPControllerApp] queue::request 'b780e1f6-cccd-4107-93c0-f1554813a29f' completed on 29
2014-11-23 15:54:48.514 [IPControllerApp] queue::client b'\x00\x06\x05\x8e\xda' submitted request 'ba97ac28-a5b6-4b0f-bc4d-678a6229428e' to 26
2014-11-23 15:54:48.515 [IPControllerApp] queue::request '6b6415d7-9c8b-4c75-ad4b-339a2510c661' completed on 18
2014-11-23 15:54:48.515 [IPControllerApp] queue::client b'\x00\x06\x05\x8e\xda' submitted request '3e3e44f0-8d1b-429d-b514-3c952b31bfcf' to 27
2014-11-23 15:54:48.516 [IPControllerApp] queue::client b'\x00\x06\x05\x8e\xda' submitted request 'f2a8e01b-faf5-4dd5-b7aa-aebb110eac70' to 28
2014-11-23 15:54:48.517 [IPControllerApp] queue::client b'\x00\x06\x05\x8e\xda' submitted request 'd7f78974-c386-4bb0-8ba3-23de5446be05' to 29
2014-11-23 15:54:48.517 [IPControllerApp] queue::request '6989b59c-988b-49b6-a842-d61bf6f6d15c' completed on 19
2014-11-23 15:54:48.518 [IPControllerApp] queue::client b'\x00\x06\x05\x8e\xda' submitted request '18abe53f-9c1f-4d64-965e-5b0e2d96ea06' to 30
2014-11-23 15:54:48.518 [IPControllerApp] queue::request '40a667cc-9199-4428-b2aa-23c242ef13c8' completed on 16
2014-11-23 15:54:48.519 [IPControllerApp] queue::client b'\x00\x06\x05\x8e\xda' submitted request '49567cf3-5aa3-4037-9284-da90c20cd734' to 31
2014-11-23 15:54:48.520 [IPControllerApp] queue::request '9a93c741-402a-4c05-8583-b1586e1fdc10' completed on 22
2014-11-23 15:54:48.520 [IPControllerApp] queue::request 'a39406cb-3ce7-45d8-b7a0-f1781cf45250' completed on 20
2014-11-23 15:54:48.521 [IPControllerApp] queue::request 'a80094ba-39ff-4320-b73d-d74b4f722391' completed on 24
2014-11-23 15:54:48.521 [IPControllerApp] queue::request '9c5fd889-c0e9-4c9c-b837-32f0b5377820' completed on 23
2014-11-23 15:54:48.522 [IPControllerApp] queue::request 'be7fe7af-f1cf-4e8a-b3f6-2f5b8786f48e' completed on 14
2014-11-23 15:54:48.523 [IPControllerApp] queue::request '3e3e44f0-8d1b-429d-b514-3c952b31bfcf' completed on 27
2014-11-23 15:54:48.524 [IPControllerApp] queue::request 'ba97ac28-a5b6-4b0f-bc4d-678a6229428e' completed on 26
2014-11-23 15:54:48.524 [IPControllerApp] queue::request '8fb27b31-326e-48e5-b290-c398cf8622cc' completed on 21
2014-11-23 15:54:48.525 [IPControllerApp] queue::request 'f7e37b89-f3bc-4945-ba7b-42747e771656' completed on 25
2014-11-23 15:54:48.526 [IPControllerApp] queue::request 'd7f78974-c386-4bb0-8ba3-23de5446be05' completed on 29
2014-11-23 15:54:48.526 [IPControllerApp] queue::request 'f2a8e01b-faf5-4dd5-b7aa-aebb110eac70' completed on 28
2014-11-23 15:54:48.527 [IPControllerApp] queue::request '49567cf3-5aa3-4037-9284-da90c20cd734' completed on 31
2014-11-23 15:54:48.527 [IPControllerApp] queue::request '18abe53f-9c1f-4d64-965e-5b0e2d96ea06' completed on 30
2014-11-23 15:57:01.193 [IPControllerApp] CRITICAL | Received signal 2, shutting down
2014-11-23 15:57:01.194 [IPControllerApp] CRITICAL | terminating children...
