2014-11-23 15:32:55.756 [IPControllerApp] Hub listening on tcp://127.0.0.1:58395 for registration.
2014-11-23 15:32:55.758 [IPControllerApp] Hub using DB backend: 'NoDB'
2014-11-23 15:32:56.013 [IPControllerApp] hub::created hub
2014-11-23 15:32:56.014 [IPControllerApp] writing connection info to /Users/elsdrm/.ipython/profile_nbserver/security/ipcontroller-client.json
2014-11-23 15:32:56.014 [IPControllerApp] writing connection info to /Users/elsdrm/.ipython/profile_nbserver/security/ipcontroller-engine.json
2014-11-23 15:32:56.015 [IPControllerApp] task::using Python leastload Task scheduler
2014-11-23 15:32:56.015 [IPControllerApp] Heartmonitor started
2014-11-23 15:32:56.052 [IPControllerApp] Creating pid file: /Users/elsdrm/.ipython/profile_nbserver/pid/ipcontroller.pid
2014-11-23 15:32:56.058 [IPControllerApp] client::client b'\x00\x80\x00A\xa7' requested 'connection_request'
2014-11-23 15:32:56.058 [IPControllerApp] client::client [b'\x00\x80\x00A\xa7'] connected
2014-11-23 15:32:56.147 [IPControllerApp] client::client b'8e8feb27-e5c0-43b6-9f1b-ac88fa36769a' requested 'registration_request'
2014-11-23 15:32:56.150 [IPControllerApp] client::client b'e025a3a9-e9b4-4c54-9d6d-c7b565892ab3' requested 'registration_request'
2014-11-23 15:32:56.151 [IPControllerApp] client::client b'73c42c0a-9ed8-407c-a514-c682bd66a850' requested 'registration_request'
2014-11-23 15:32:56.152 [IPControllerApp] client::client b'd91a5738-4763-422e-8532-ce43af956c11' requested 'registration_request'
2014-11-23 15:32:56.251 [IPControllerApp] WARNING | iopub::IOPub message lacks parent: {'msg_id': 'c5debfa6-28ea-4c51-b619-9539b074887f', 'parent_header': {}, 'msg_type': 'status', 'buffers': [], 'header': {'date': datetime.datetime(2014, 11, 23, 15, 32, 56, 250850), 'msg_id': 'c5debfa6-28ea-4c51-b619-9539b074887f', 'username': 'elsdrm', 'msg_type': 'status', 'session': 'e025a3a9-e9b4-4c54-9d6d-c7b565892ab3'}, 'content': {'execution_state': 'starting'}, 'metadata': {}}
2014-11-23 15:32:56.257 [IPControllerApp] WARNING | iopub::IOPub message lacks parent: {'msg_id': '989eaabd-2cd8-4250-9000-ae672123b3ad', 'parent_header': {}, 'msg_type': 'status', 'buffers': [], 'header': {'date': datetime.datetime(2014, 11, 23, 15, 32, 56, 256451), 'msg_id': '989eaabd-2cd8-4250-9000-ae672123b3ad', 'username': 'elsdrm', 'msg_type': 'status', 'session': '8e8feb27-e5c0-43b6-9f1b-ac88fa36769a'}, 'content': {'execution_state': 'starting'}, 'metadata': {}}
2014-11-23 15:32:56.260 [IPControllerApp] WARNING | iopub::IOPub message lacks parent: {'msg_id': '21c270ee-23a8-45ba-8882-86d3ddd07e8b', 'parent_header': {}, 'msg_type': 'status', 'buffers': [], 'header': {'date': datetime.datetime(2014, 11, 23, 15, 32, 56, 260106), 'msg_id': '21c270ee-23a8-45ba-8882-86d3ddd07e8b', 'username': 'elsdrm', 'msg_type': 'status', 'session': 'd91a5738-4763-422e-8532-ce43af956c11'}, 'content': {'execution_state': 'starting'}, 'metadata': {}}
2014-11-23 15:32:56.269 [IPControllerApp] WARNING | iopub::IOPub message lacks parent: {'msg_id': 'fe6f8cfe-5691-4bb3-bac4-7c9a05ebb9de', 'parent_header': {}, 'msg_type': 'status', 'buffers': [], 'header': {'date': datetime.datetime(2014, 11, 23, 15, 32, 56, 268391), 'msg_id': 'fe6f8cfe-5691-4bb3-bac4-7c9a05ebb9de', 'username': 'elsdrm', 'msg_type': 'status', 'session': '73c42c0a-9ed8-407c-a514-c682bd66a850'}, 'content': {'execution_state': 'starting'}, 'metadata': {}}
2014-11-23 15:33:02.015 [IPControllerApp] registration::finished registering engine 3:d91a5738-4763-422e-8532-ce43af956c11
2014-11-23 15:33:02.016 [IPControllerApp] engine::Engine Connected: 3
2014-11-23 15:33:02.016 [IPControllerApp] registration::finished registering engine 0:8e8feb27-e5c0-43b6-9f1b-ac88fa36769a
2014-11-23 15:33:02.016 [IPControllerApp] engine::Engine Connected: 0
2014-11-23 15:33:02.017 [IPControllerApp] registration::finished registering engine 2:73c42c0a-9ed8-407c-a514-c682bd66a850
2014-11-23 15:33:02.017 [IPControllerApp] engine::Engine Connected: 2
2014-11-23 15:33:02.018 [IPControllerApp] registration::finished registering engine 1:e025a3a9-e9b4-4c54-9d6d-c7b565892ab3
2014-11-23 15:33:02.018 [IPControllerApp] engine::Engine Connected: 1
2014-11-23 15:33:07.594 [IPControllerApp] client::client b'\x00\x80\x00A\xa8' requested 'connection_request'
2014-11-23 15:33:07.595 [IPControllerApp] client::client [b'\x00\x80\x00A\xa8'] connected
2014-11-23 15:33:07.641 [IPControllerApp] queue::client b'\x00\x06\x05\x8e\xd8' submitted request 'e9c75808-8bc0-4012-8648-76899adfd75a' to 0
2014-11-23 15:33:07.642 [IPControllerApp] queue::client b'\x00\x06\x05\x8e\xd8' submitted request 'abc0fbc2-2373-4803-bac3-c8cd92423610' to 1
2014-11-23 15:33:07.643 [IPControllerApp] queue::client b'\x00\x06\x05\x8e\xd8' submitted request '35721978-1dbd-42a0-9579-8991cfb0442e' to 2
2014-11-23 15:33:07.644 [IPControllerApp] queue::client b'\x00\x06\x05\x8e\xd8' submitted request '3944211c-7e19-46b5-9d19-f2d5bf23ab60' to 3
2014-11-23 15:33:07.644 [IPControllerApp] queue::client b'\x00\x06\x05\x8e\xd8' submitted request '90e16752-1f73-4dcb-9ed9-7474e83739d7' to 0
2014-11-23 15:33:07.648 [IPControllerApp] queue::client b'\x00\x06\x05\x8e\xd8' submitted request '01887e2e-9830-4a0f-8a09-818537047f9d' to 1
2014-11-23 15:33:07.649 [IPControllerApp] queue::client b'\x00\x06\x05\x8e\xd8' submitted request '732e7bf3-51b7-4eb7-8c56-bf078c91da7e' to 2
2014-11-23 15:33:07.650 [IPControllerApp] queue::client b'\x00\x06\x05\x8e\xd8' submitted request 'ed89bd55-801e-41f9-bd3c-8543bcf28bd5' to 3
2014-11-23 15:33:07.652 [IPControllerApp] queue::client b'\x00\x06\x05\x8e\xd8' submitted request 'f82ea41b-92e2-4b08-abd1-c8016a09969e' to 0
2014-11-23 15:33:07.653 [IPControllerApp] queue::client b'\x00\x06\x05\x8e\xd8' submitted request '372950af-0ac0-4e5d-b3ff-8cc86f338a61' to 1
2014-11-23 15:33:07.654 [IPControllerApp] queue::client b'\x00\x06\x05\x8e\xd8' submitted request 'd6ad748b-3479-49ff-856a-63fc84242d7b' to 2
2014-11-23 15:33:07.655 [IPControllerApp] queue::client b'\x00\x06\x05\x8e\xd8' submitted request '07e44584-b467-4618-bcfb-3d817b1e4387' to 3
2014-11-23 15:33:07.656 [IPControllerApp] queue::request 'abc0fbc2-2373-4803-bac3-c8cd92423610' completed on 1
2014-11-23 15:33:07.657 [IPControllerApp] queue::request 'e9c75808-8bc0-4012-8648-76899adfd75a' completed on 0
2014-11-23 15:33:07.659 [IPControllerApp] queue::request '35721978-1dbd-42a0-9579-8991cfb0442e' completed on 2
2014-11-23 15:33:07.660 [IPControllerApp] queue::request '90e16752-1f73-4dcb-9ed9-7474e83739d7' completed on 0
2014-11-23 15:33:07.661 [IPControllerApp] queue::request 'f82ea41b-92e2-4b08-abd1-c8016a09969e' completed on 0
2014-11-23 15:33:07.664 [IPControllerApp] queue::request '01887e2e-9830-4a0f-8a09-818537047f9d' completed on 1
2014-11-23 15:33:07.664 [IPControllerApp] queue::request '372950af-0ac0-4e5d-b3ff-8cc86f338a61' completed on 1
2014-11-23 15:33:07.665 [IPControllerApp] queue::request '3944211c-7e19-46b5-9d19-f2d5bf23ab60' completed on 3
2014-11-23 15:33:07.666 [IPControllerApp] queue::request '732e7bf3-51b7-4eb7-8c56-bf078c91da7e' completed on 2
2014-11-23 15:33:07.667 [IPControllerApp] queue::request 'd6ad748b-3479-49ff-856a-63fc84242d7b' completed on 2
2014-11-23 15:33:07.667 [IPControllerApp] queue::request 'ed89bd55-801e-41f9-bd3c-8543bcf28bd5' completed on 3
2014-11-23 15:33:07.668 [IPControllerApp] queue::request '07e44584-b467-4618-bcfb-3d817b1e4387' completed on 3
2014-11-23 15:33:21.986 [IPControllerApp] client::client b'\x00\x80\x00A\xa9' requested 'connection_request'
2014-11-23 15:33:21.987 [IPControllerApp] client::client [b'\x00\x80\x00A\xa9'] connected
2014-11-23 15:33:21.992 [IPControllerApp] queue::client b'\x00\x06\x05\x8e\xd9' submitted request 'cea50995-5696-4fcb-9c9d-dd5fb8d4dc8f' to 0
2014-11-23 15:33:21.993 [IPControllerApp] queue::client b'\x00\x06\x05\x8e\xd9' submitted request '72278d2e-41a1-4785-9303-19572c7b269e' to 1
2014-11-23 15:33:21.993 [IPControllerApp] queue::client b'\x00\x06\x05\x8e\xd9' submitted request '2bcbb6e7-1767-46ef-bf81-14bf61b6c922' to 2
2014-11-23 15:33:21.994 [IPControllerApp] queue::client b'\x00\x06\x05\x8e\xd9' submitted request '97bd4185-392b-4dc2-a7cc-875ce590dbb1' to 3
2014-11-23 15:33:21.994 [IPControllerApp] queue::client b'\x00\x06\x05\x8e\xd9' submitted request 'a1b0c322-cd75-4111-8040-fe91d761d3cd' to 0
2014-11-23 15:33:21.995 [IPControllerApp] queue::client b'\x00\x06\x05\x8e\xd9' submitted request 'dd420f46-34be-4d52-b192-c59201ec4d70' to 1
2014-11-23 15:33:21.997 [IPControllerApp] queue::client b'\x00\x06\x05\x8e\xd9' submitted request '1b24b8a3-1c00-43cc-b54c-0d7a8f04eaa8' to 2
2014-11-23 15:33:21.998 [IPControllerApp] queue::client b'\x00\x06\x05\x8e\xd9' submitted request '8ece31b9-4ea1-4190-bc8b-b1c4112479f5' to 3
2014-11-23 15:33:21.999 [IPControllerApp] queue::client b'\x00\x06\x05\x8e\xd9' submitted request '65513290-c0cf-45e3-a2a8-ed6a41783f7f' to 0
2014-11-23 15:33:22.000 [IPControllerApp] queue::client b'\x00\x06\x05\x8e\xd9' submitted request '855e59bd-c61e-4dda-ae40-69033fec6cfc' to 1
2014-11-23 15:33:22.002 [IPControllerApp] queue::client b'\x00\x06\x05\x8e\xd9' submitted request 'db78a3d6-fc95-407e-82b1-7d4a462345b0' to 2
2014-11-23 15:33:22.003 [IPControllerApp] queue::client b'\x00\x06\x05\x8e\xd9' submitted request 'de7b07c4-e5c1-4dae-b0b6-b7977c350235' to 3
2014-11-23 15:33:22.005 [IPControllerApp] queue::request '72278d2e-41a1-4785-9303-19572c7b269e' completed on 1
2014-11-23 15:33:22.006 [IPControllerApp] queue::request '2bcbb6e7-1767-46ef-bf81-14bf61b6c922' completed on 2
2014-11-23 15:33:22.007 [IPControllerApp] queue::request '97bd4185-392b-4dc2-a7cc-875ce590dbb1' completed on 3
2014-11-23 15:33:22.008 [IPControllerApp] queue::request 'dd420f46-34be-4d52-b192-c59201ec4d70' completed on 1
2014-11-23 15:33:22.009 [IPControllerApp] queue::request '855e59bd-c61e-4dda-ae40-69033fec6cfc' completed on 1
2014-11-23 15:33:22.010 [IPControllerApp] queue::request 'cea50995-5696-4fcb-9c9d-dd5fb8d4dc8f' completed on 0
2014-11-23 15:33:22.011 [IPControllerApp] queue::request '8ece31b9-4ea1-4190-bc8b-b1c4112479f5' completed on 3
2014-11-23 15:33:22.012 [IPControllerApp] queue::request 'a1b0c322-cd75-4111-8040-fe91d761d3cd' completed on 0
2014-11-23 15:33:22.013 [IPControllerApp] queue::request 'de7b07c4-e5c1-4dae-b0b6-b7977c350235' completed on 3
2014-11-23 15:33:22.014 [IPControllerApp] queue::request '65513290-c0cf-45e3-a2a8-ed6a41783f7f' completed on 0
2014-11-23 15:33:22.015 [IPControllerApp] queue::request '1b24b8a3-1c00-43cc-b54c-0d7a8f04eaa8' completed on 2
2014-11-23 15:33:22.015 [IPControllerApp] queue::request 'db78a3d6-fc95-407e-82b1-7d4a462345b0' completed on 2
2014-11-23 15:33:39.004 [IPControllerApp] CRITICAL | Received signal 2, shutting down
2014-11-23 15:33:39.005 [IPControllerApp] CRITICAL | terminating children...
