2014-11-20 20:01:33.040 [IPEngineApp] Loading url_file '/home/elsdrm/.ipython/profile_nbserver/security/ipcontroller-engine.json'
2014-11-20 20:01:33.059 [IPEngineApp] Registering with controller at tcp://127.0.0.1:43691
2014-11-20 20:01:33.169 [IPEngineApp] Starting to monitor the heartbeat signal from the hub every 3010 ms.
2014-11-20 20:01:33.176 [IPEngineApp] Using existing profile dir: '/home/elsdrm/.ipython/profile_nbserver'
2014-11-20 20:01:33.178 [IPEngineApp] Completed registration with id 227
2014-11-20 20:08:43.602 [IPEngineApp] WARNING | No heartbeat in the last 3010 ms (1 time(s) in a row).
2014-11-20 20:08:46.611 [IPEngineApp] WARNING | No heartbeat in the last 3010 ms (2 time(s) in a row).
2014-11-20 20:08:49.623 [IPEngineApp] WARNING | No heartbeat in the last 3010 ms (3 time(s) in a row).
2014-11-20 20:08:52.632 [IPEngineApp] WARNING | No heartbeat in the last 3010 ms (4 time(s) in a row).
2014-11-20 20:08:55.643 [IPEngineApp] WARNING | No heartbeat in the last 3010 ms (5 time(s) in a row).
2014-11-20 20:08:58.650 [IPEngineApp] WARNING | No heartbeat in the last 3010 ms (6 time(s) in a row).
2014-11-20 20:09:01.662 [IPEngineApp] WARNING | No heartbeat in the last 3010 ms (7 time(s) in a row).
2014-11-20 20:09:04.671 [IPEngineApp] WARNING | No heartbeat in the last 3010 ms (8 time(s) in a row).
2014-11-20 20:09:07.682 [IPEngineApp] WARNING | No heartbeat in the last 3010 ms (9 time(s) in a row).
2014-11-20 20:09:10.692 [IPEngineApp] WARNING | No heartbeat in the last 3010 ms (10 time(s) in a row).
2014-11-20 20:09:13.702 [IPEngineApp] WARNING | No heartbeat in the last 3010 ms (11 time(s) in a row).
2014-11-20 20:09:16.710 [IPEngineApp] WARNING | No heartbeat in the last 3010 ms (12 time(s) in a row).
2014-11-20 20:09:19.722 [IPEngineApp] WARNING | No heartbeat in the last 3010 ms (13 time(s) in a row).
2014-11-20 20:09:22.731 [IPEngineApp] WARNING | No heartbeat in the last 3010 ms (14 time(s) in a row).
2014-11-20 20:09:25.743 [IPEngineApp] WARNING | No heartbeat in the last 3010 ms (15 time(s) in a row).
2014-11-20 20:09:28.752 [IPEngineApp] WARNING | No heartbeat in the last 3010 ms (16 time(s) in a row).
2014-11-20 20:09:31.762 [IPEngineApp] WARNING | No heartbeat in the last 3010 ms (17 time(s) in a row).
2014-11-20 20:09:34.772 [IPEngineApp] WARNING | No heartbeat in the last 3010 ms (18 time(s) in a row).
2014-11-20 20:09:37.782 [IPEngineApp] WARNING | No heartbeat in the last 3010 ms (19 time(s) in a row).
2014-11-20 20:09:40.790 [IPEngineApp] WARNING | No heartbeat in the last 3010 ms (20 time(s) in a row).
2014-11-20 20:09:43.802 [IPEngineApp] WARNING | No heartbeat in the last 3010 ms (21 time(s) in a row).
2014-11-20 20:09:46.813 [IPEngineApp] WARNING | No heartbeat in the last 3010 ms (22 time(s) in a row).
2014-11-20 20:09:49.822 [IPEngineApp] WARNING | No heartbeat in the last 3010 ms (23 time(s) in a row).
2014-11-20 20:09:52.832 [IPEngineApp] WARNING | No heartbeat in the last 3010 ms (24 time(s) in a row).
2014-11-20 20:09:55.842 [IPEngineApp] WARNING | No heartbeat in the last 3010 ms (25 time(s) in a row).
2014-11-20 20:09:58.853 [IPEngineApp] WARNING | No heartbeat in the last 3010 ms (26 time(s) in a row).
2014-11-20 20:10:01.863 [IPEngineApp] WARNING | No heartbeat in the last 3010 ms (27 time(s) in a row).
2014-11-20 20:10:04.872 [IPEngineApp] WARNING | No heartbeat in the last 3010 ms (28 time(s) in a row).
2014-11-20 20:10:07.882 [IPEngineApp] WARNING | No heartbeat in the last 3010 ms (29 time(s) in a row).
2014-11-20 20:10:10.892 [IPEngineApp] WARNING | No heartbeat in the last 3010 ms (30 time(s) in a row).
2014-11-20 20:10:13.902 [IPEngineApp] WARNING | No heartbeat in the last 3010 ms (31 time(s) in a row).
2014-11-20 20:10:16.912 [IPEngineApp] WARNING | No heartbeat in the last 3010 ms (32 time(s) in a row).
2014-11-20 20:10:19.922 [IPEngineApp] WARNING | No heartbeat in the last 3010 ms (33 time(s) in a row).
2014-11-20 20:10:22.932 [IPEngineApp] WARNING | No heartbeat in the last 3010 ms (34 time(s) in a row).
2014-11-20 20:10:25.942 [IPEngineApp] WARNING | No heartbeat in the last 3010 ms (35 time(s) in a row).
2014-11-20 20:10:28.953 [IPEngineApp] WARNING | No heartbeat in the last 3010 ms (36 time(s) in a row).
2014-11-20 20:10:31.962 [IPEngineApp] WARNING | No heartbeat in the last 3010 ms (37 time(s) in a row).
2014-11-20 20:10:34.970 [IPEngineApp] WARNING | No heartbeat in the last 3010 ms (38 time(s) in a row).
2014-11-20 20:10:37.461 [IPEngineApp] CRITICAL | Engine Interrupted, shutting down...

