2014-11-20 20:01:37.091 [IPEngineApp] Loading url_file '/home/elsdrm/.ipython/profile_nbserver/security/ipcontroller-engine.json'
2014-11-20 20:01:37.109 [IPEngineApp] Registering with controller at tcp://127.0.0.1:43691
2014-11-20 20:01:37.209 [IPEngineApp] Starting to monitor the heartbeat signal from the hub every 3010 ms.
2014-11-20 20:01:37.213 [IPEngineApp] Using existing profile dir: '/home/elsdrm/.ipython/profile_nbserver'
2014-11-20 20:01:37.214 [IPEngineApp] Completed registration with id 263
2014-11-20 20:08:41.622 [IPEngineApp] WARNING | No heartbeat in the last 3010 ms (1 time(s) in a row).
2014-11-20 20:08:44.632 [IPEngineApp] WARNING | No heartbeat in the last 3010 ms (2 time(s) in a row).
2014-11-20 20:08:47.640 [IPEngineApp] WARNING | No heartbeat in the last 3010 ms (3 time(s) in a row).
2014-11-20 20:08:50.652 [IPEngineApp] WARNING | No heartbeat in the last 3010 ms (4 time(s) in a row).
2014-11-20 20:08:53.661 [IPEngineApp] WARNING | No heartbeat in the last 3010 ms (5 time(s) in a row).
2014-11-20 20:08:56.671 [IPEngineApp] WARNING | No heartbeat in the last 3010 ms (6 time(s) in a row).
2014-11-20 20:08:59.682 [IPEngineApp] WARNING | No heartbeat in the last 3010 ms (7 time(s) in a row).
2014-11-20 20:09:02.692 [IPEngineApp] WARNING | No heartbeat in the last 3010 ms (8 time(s) in a row).
2014-11-20 20:09:05.702 [IPEngineApp] WARNING | No heartbeat in the last 3010 ms (9 time(s) in a row).
2014-11-20 20:09:08.712 [IPEngineApp] WARNING | No heartbeat in the last 3010 ms (10 time(s) in a row).
2014-11-20 20:09:11.722 [IPEngineApp] WARNING | No heartbeat in the last 3010 ms (11 time(s) in a row).
2014-11-20 20:09:14.732 [IPEngineApp] WARNING | No heartbeat in the last 3010 ms (12 time(s) in a row).
2014-11-20 20:09:17.742 [IPEngineApp] WARNING | No heartbeat in the last 3010 ms (13 time(s) in a row).
2014-11-20 20:09:20.752 [IPEngineApp] WARNING | No heartbeat in the last 3010 ms (14 time(s) in a row).
2014-11-20 20:09:23.762 [IPEngineApp] WARNING | No heartbeat in the last 3010 ms (15 time(s) in a row).
2014-11-20 20:09:26.772 [IPEngineApp] WARNING | No heartbeat in the last 3010 ms (16 time(s) in a row).
2014-11-20 20:09:29.782 [IPEngineApp] WARNING | No heartbeat in the last 3010 ms (17 time(s) in a row).
2014-11-20 20:09:32.792 [IPEngineApp] WARNING | No heartbeat in the last 3010 ms (18 time(s) in a row).
2014-11-20 20:09:35.802 [IPEngineApp] WARNING | No heartbeat in the last 3010 ms (19 time(s) in a row).
2014-11-20 20:09:38.809 [IPEngineApp] WARNING | No heartbeat in the last 3010 ms (20 time(s) in a row).
2014-11-20 20:09:41.821 [IPEngineApp] WARNING | No heartbeat in the last 3010 ms (21 time(s) in a row).
2014-11-20 20:09:44.831 [IPEngineApp] WARNING | No heartbeat in the last 3010 ms (22 time(s) in a row).
2014-11-20 20:09:47.841 [IPEngineApp] WARNING | No heartbeat in the last 3010 ms (23 time(s) in a row).
2014-11-20 20:09:50.852 [IPEngineApp] WARNING | No heartbeat in the last 3010 ms (24 time(s) in a row).
2014-11-20 20:09:53.862 [IPEngineApp] WARNING | No heartbeat in the last 3010 ms (25 time(s) in a row).
2014-11-20 20:09:56.872 [IPEngineApp] WARNING | No heartbeat in the last 3010 ms (26 time(s) in a row).
2014-11-20 20:09:59.882 [IPEngineApp] WARNING | No heartbeat in the last 3010 ms (27 time(s) in a row).
2014-11-20 20:10:02.892 [IPEngineApp] WARNING | No heartbeat in the last 3010 ms (28 time(s) in a row).
2014-11-20 20:10:05.902 [IPEngineApp] WARNING | No heartbeat in the last 3010 ms (29 time(s) in a row).
2014-11-20 20:10:08.912 [IPEngineApp] WARNING | No heartbeat in the last 3010 ms (30 time(s) in a row).
2014-11-20 20:10:11.921 [IPEngineApp] WARNING | No heartbeat in the last 3010 ms (31 time(s) in a row).
2014-11-20 20:10:14.932 [IPEngineApp] WARNING | No heartbeat in the last 3010 ms (32 time(s) in a row).
2014-11-20 20:10:17.942 [IPEngineApp] WARNING | No heartbeat in the last 3010 ms (33 time(s) in a row).
2014-11-20 20:10:20.952 [IPEngineApp] WARNING | No heartbeat in the last 3010 ms (34 time(s) in a row).
2014-11-20 20:10:23.961 [IPEngineApp] WARNING | No heartbeat in the last 3010 ms (35 time(s) in a row).
2014-11-20 20:10:26.972 [IPEngineApp] WARNING | No heartbeat in the last 3010 ms (36 time(s) in a row).
2014-11-20 20:10:29.982 [IPEngineApp] WARNING | No heartbeat in the last 3010 ms (37 time(s) in a row).
2014-11-20 20:10:32.991 [IPEngineApp] WARNING | No heartbeat in the last 3010 ms (38 time(s) in a row).
2014-11-20 20:10:36.002 [IPEngineApp] WARNING | No heartbeat in the last 3010 ms (39 time(s) in a row).
2014-11-20 20:10:37.457 [IPEngineApp] CRITICAL | Engine Interrupted, shutting down...

