2014-11-20 20:01:15.459 [IPEngineApp] Loading url_file '/home/elsdrm/.ipython/profile_nbserver/security/ipcontroller-engine.json'
2014-11-20 20:01:15.483 [IPEngineApp] Registering with controller at tcp://127.0.0.1:43691
2014-11-20 20:01:15.612 [IPEngineApp] Starting to monitor the heartbeat signal from the hub every 3010 ms.
2014-11-20 20:01:15.619 [IPEngineApp] Using existing profile dir: '/home/elsdrm/.ipython/profile_nbserver'
2014-11-20 20:01:15.621 [IPEngineApp] Completed registration with id 61
2014-11-20 20:08:44.105 [IPEngineApp] WARNING | No heartbeat in the last 3010 ms (1 time(s) in a row).
2014-11-20 20:08:47.115 [IPEngineApp] WARNING | No heartbeat in the last 3010 ms (2 time(s) in a row).
2014-11-20 20:08:50.125 [IPEngineApp] WARNING | No heartbeat in the last 3010 ms (3 time(s) in a row).
2014-11-20 20:08:53.134 [IPEngineApp] WARNING | No heartbeat in the last 3010 ms (4 time(s) in a row).
2014-11-20 20:08:56.144 [IPEngineApp] WARNING | No heartbeat in the last 3010 ms (5 time(s) in a row).
2014-11-20 20:08:59.154 [IPEngineApp] WARNING | No heartbeat in the last 3010 ms (6 time(s) in a row).
2014-11-20 20:09:02.163 [IPEngineApp] WARNING | No heartbeat in the last 3010 ms (7 time(s) in a row).
2014-11-20 20:09:05.174 [IPEngineApp] WARNING | No heartbeat in the last 3010 ms (8 time(s) in a row).
2014-11-20 20:09:08.185 [IPEngineApp] WARNING | No heartbeat in the last 3010 ms (9 time(s) in a row).
2014-11-20 20:09:11.195 [IPEngineApp] WARNING | No heartbeat in the last 3010 ms (10 time(s) in a row).
2014-11-20 20:09:14.205 [IPEngineApp] WARNING | No heartbeat in the last 3010 ms (11 time(s) in a row).
2014-11-20 20:09:17.215 [IPEngineApp] WARNING | No heartbeat in the last 3010 ms (12 time(s) in a row).
2014-11-20 20:09:20.225 [IPEngineApp] WARNING | No heartbeat in the last 3010 ms (13 time(s) in a row).
2014-11-20 20:09:23.235 [IPEngineApp] WARNING | No heartbeat in the last 3010 ms (14 time(s) in a row).
2014-11-20 20:09:26.245 [IPEngineApp] WARNING | No heartbeat in the last 3010 ms (15 time(s) in a row).
2014-11-20 20:09:29.255 [IPEngineApp] WARNING | No heartbeat in the last 3010 ms (16 time(s) in a row).
2014-11-20 20:09:32.264 [IPEngineApp] WARNING | No heartbeat in the last 3010 ms (17 time(s) in a row).
2014-11-20 20:09:35.274 [IPEngineApp] WARNING | No heartbeat in the last 3010 ms (18 time(s) in a row).
2014-11-20 20:09:38.283 [IPEngineApp] WARNING | No heartbeat in the last 3010 ms (19 time(s) in a row).
2014-11-20 20:09:41.295 [IPEngineApp] WARNING | No heartbeat in the last 3010 ms (20 time(s) in a row).
2014-11-20 20:09:44.303 [IPEngineApp] WARNING | No heartbeat in the last 3010 ms (21 time(s) in a row).
2014-11-20 20:09:47.314 [IPEngineApp] WARNING | No heartbeat in the last 3010 ms (22 time(s) in a row).
2014-11-20 20:09:50.325 [IPEngineApp] WARNING | No heartbeat in the last 3010 ms (23 time(s) in a row).
2014-11-20 20:09:53.334 [IPEngineApp] WARNING | No heartbeat in the last 3010 ms (24 time(s) in a row).
2014-11-20 20:09:56.345 [IPEngineApp] WARNING | No heartbeat in the last 3010 ms (25 time(s) in a row).
2014-11-20 20:09:59.355 [IPEngineApp] WARNING | No heartbeat in the last 3010 ms (26 time(s) in a row).
2014-11-20 20:10:02.363 [IPEngineApp] WARNING | No heartbeat in the last 3010 ms (27 time(s) in a row).
2014-11-20 20:10:05.375 [IPEngineApp] WARNING | No heartbeat in the last 3010 ms (28 time(s) in a row).
2014-11-20 20:10:08.384 [IPEngineApp] WARNING | No heartbeat in the last 3010 ms (29 time(s) in a row).
2014-11-20 20:10:11.394 [IPEngineApp] WARNING | No heartbeat in the last 3010 ms (30 time(s) in a row).
2014-11-20 20:10:14.405 [IPEngineApp] WARNING | No heartbeat in the last 3010 ms (31 time(s) in a row).
2014-11-20 20:10:17.414 [IPEngineApp] WARNING | No heartbeat in the last 3010 ms (32 time(s) in a row).
2014-11-20 20:10:20.424 [IPEngineApp] WARNING | No heartbeat in the last 3010 ms (33 time(s) in a row).
2014-11-20 20:10:23.434 [IPEngineApp] WARNING | No heartbeat in the last 3010 ms (34 time(s) in a row).
2014-11-20 20:10:26.445 [IPEngineApp] WARNING | No heartbeat in the last 3010 ms (35 time(s) in a row).
2014-11-20 20:10:29.453 [IPEngineApp] WARNING | No heartbeat in the last 3010 ms (36 time(s) in a row).
2014-11-20 20:10:32.464 [IPEngineApp] WARNING | No heartbeat in the last 3010 ms (37 time(s) in a row).
2014-11-20 20:10:35.475 [IPEngineApp] WARNING | No heartbeat in the last 3010 ms (38 time(s) in a row).
2014-11-20 20:10:37.574 [IPEngineApp] CRITICAL | Engine Interrupted, shutting down...

