2014-11-20 20:01:10.134 [IPEngineApp] Loading url_file '/home/elsdrm/.ipython/profile_nbserver/security/ipcontroller-engine.json'
2014-11-20 20:01:10.148 [IPEngineApp] Registering with controller at tcp://127.0.0.1:43691
2014-11-20 20:01:10.265 [IPEngineApp] Starting to monitor the heartbeat signal from the hub every 3010 ms.
2014-11-20 20:01:10.272 [IPEngineApp] Using existing profile dir: '/home/elsdrm/.ipython/profile_nbserver'
2014-11-20 20:01:10.274 [IPEngineApp] Completed registration with id 10
2014-11-20 20:08:41.767 [IPEngineApp] WARNING | No heartbeat in the last 3010 ms (1 time(s) in a row).
2014-11-20 20:08:44.778 [IPEngineApp] WARNING | No heartbeat in the last 3010 ms (2 time(s) in a row).
2014-11-20 20:08:47.789 [IPEngineApp] WARNING | No heartbeat in the last 3010 ms (3 time(s) in a row).
2014-11-20 20:08:50.798 [IPEngineApp] WARNING | No heartbeat in the last 3010 ms (4 time(s) in a row).
2014-11-20 20:08:53.808 [IPEngineApp] WARNING | No heartbeat in the last 3010 ms (5 time(s) in a row).
2014-11-20 20:08:56.818 [IPEngineApp] WARNING | No heartbeat in the last 3010 ms (6 time(s) in a row).
2014-11-20 20:08:59.826 [IPEngineApp] WARNING | No heartbeat in the last 3010 ms (7 time(s) in a row).
2014-11-20 20:09:02.838 [IPEngineApp] WARNING | No heartbeat in the last 3010 ms (8 time(s) in a row).
2014-11-20 20:09:05.849 [IPEngineApp] WARNING | No heartbeat in the last 3010 ms (9 time(s) in a row).
2014-11-20 20:09:08.858 [IPEngineApp] WARNING | No heartbeat in the last 3010 ms (10 time(s) in a row).
2014-11-20 20:09:11.867 [IPEngineApp] WARNING | No heartbeat in the last 3010 ms (11 time(s) in a row).
2014-11-20 20:09:14.878 [IPEngineApp] WARNING | No heartbeat in the last 3010 ms (12 time(s) in a row).
2014-11-20 20:09:17.888 [IPEngineApp] WARNING | No heartbeat in the last 3010 ms (13 time(s) in a row).
2014-11-20 20:09:20.898 [IPEngineApp] WARNING | No heartbeat in the last 3010 ms (14 time(s) in a row).
2014-11-20 20:09:23.907 [IPEngineApp] WARNING | No heartbeat in the last 3010 ms (15 time(s) in a row).
2014-11-20 20:09:26.918 [IPEngineApp] WARNING | No heartbeat in the last 3010 ms (16 time(s) in a row).
2014-11-20 20:09:29.926 [IPEngineApp] WARNING | No heartbeat in the last 3010 ms (17 time(s) in a row).
2014-11-20 20:09:32.938 [IPEngineApp] WARNING | No heartbeat in the last 3010 ms (18 time(s) in a row).
2014-11-20 20:09:35.948 [IPEngineApp] WARNING | No heartbeat in the last 3010 ms (19 time(s) in a row).
2014-11-20 20:09:38.958 [IPEngineApp] WARNING | No heartbeat in the last 3010 ms (20 time(s) in a row).
2014-11-20 20:09:41.967 [IPEngineApp] WARNING | No heartbeat in the last 3010 ms (21 time(s) in a row).
2014-11-20 20:09:44.978 [IPEngineApp] WARNING | No heartbeat in the last 3010 ms (22 time(s) in a row).
2014-11-20 20:09:47.987 [IPEngineApp] WARNING | No heartbeat in the last 3010 ms (23 time(s) in a row).
2014-11-20 20:09:50.998 [IPEngineApp] WARNING | No heartbeat in the last 3010 ms (24 time(s) in a row).
2014-11-20 20:09:54.008 [IPEngineApp] WARNING | No heartbeat in the last 3010 ms (25 time(s) in a row).
2014-11-20 20:09:57.018 [IPEngineApp] WARNING | No heartbeat in the last 3010 ms (26 time(s) in a row).
2014-11-20 20:10:00.028 [IPEngineApp] WARNING | No heartbeat in the last 3010 ms (27 time(s) in a row).
2014-11-20 20:10:03.039 [IPEngineApp] WARNING | No heartbeat in the last 3010 ms (28 time(s) in a row).
2014-11-20 20:10:06.049 [IPEngineApp] WARNING | No heartbeat in the last 3010 ms (29 time(s) in a row).
2014-11-20 20:10:09.058 [IPEngineApp] WARNING | No heartbeat in the last 3010 ms (30 time(s) in a row).
2014-11-20 20:10:12.068 [IPEngineApp] WARNING | No heartbeat in the last 3010 ms (31 time(s) in a row).
2014-11-20 20:10:15.078 [IPEngineApp] WARNING | No heartbeat in the last 3010 ms (32 time(s) in a row).
2014-11-20 20:10:18.088 [IPEngineApp] WARNING | No heartbeat in the last 3010 ms (33 time(s) in a row).
2014-11-20 20:10:21.098 [IPEngineApp] WARNING | No heartbeat in the last 3010 ms (34 time(s) in a row).
2014-11-20 20:10:24.107 [IPEngineApp] WARNING | No heartbeat in the last 3010 ms (35 time(s) in a row).
2014-11-20 20:10:27.118 [IPEngineApp] WARNING | No heartbeat in the last 3010 ms (36 time(s) in a row).
2014-11-20 20:10:30.126 [IPEngineApp] WARNING | No heartbeat in the last 3010 ms (37 time(s) in a row).
2014-11-20 20:10:33.138 [IPEngineApp] WARNING | No heartbeat in the last 3010 ms (38 time(s) in a row).
2014-11-20 20:10:36.149 [IPEngineApp] WARNING | No heartbeat in the last 3010 ms (39 time(s) in a row).
2014-11-20 20:10:37.466 [IPEngineApp] CRITICAL | Engine Interrupted, shutting down...

