2014-11-20 20:01:26.023 [IPEngineApp] Loading url_file '/home/elsdrm/.ipython/profile_nbserver/security/ipcontroller-engine.json'
2014-11-20 20:01:26.041 [IPEngineApp] Registering with controller at tcp://127.0.0.1:43691
2014-11-20 20:01:26.168 [IPEngineApp] Starting to monitor the heartbeat signal from the hub every 3010 ms.
2014-11-20 20:01:26.175 [IPEngineApp] Using existing profile dir: '/home/elsdrm/.ipython/profile_nbserver'
2014-11-20 20:01:26.177 [IPEngineApp] Completed registration with id 160
2014-11-20 20:08:42.620 [IPEngineApp] WARNING | No heartbeat in the last 3010 ms (1 time(s) in a row).
2014-11-20 20:08:45.630 [IPEngineApp] WARNING | No heartbeat in the last 3010 ms (2 time(s) in a row).
2014-11-20 20:08:48.641 [IPEngineApp] WARNING | No heartbeat in the last 3010 ms (3 time(s) in a row).
2014-11-20 20:08:51.650 [IPEngineApp] WARNING | No heartbeat in the last 3010 ms (4 time(s) in a row).
2014-11-20 20:08:54.661 [IPEngineApp] WARNING | No heartbeat in the last 3010 ms (5 time(s) in a row).
2014-11-20 20:08:57.670 [IPEngineApp] WARNING | No heartbeat in the last 3010 ms (6 time(s) in a row).
2014-11-20 20:09:00.681 [IPEngineApp] WARNING | No heartbeat in the last 3010 ms (7 time(s) in a row).
2014-11-20 20:09:03.691 [IPEngineApp] WARNING | No heartbeat in the last 3010 ms (8 time(s) in a row).
2014-11-20 20:09:06.701 [IPEngineApp] WARNING | No heartbeat in the last 3010 ms (9 time(s) in a row).
2014-11-20 20:09:09.711 [IPEngineApp] WARNING | No heartbeat in the last 3010 ms (10 time(s) in a row).
2014-11-20 20:09:12.721 [IPEngineApp] WARNING | No heartbeat in the last 3010 ms (11 time(s) in a row).
2014-11-20 20:09:15.730 [IPEngineApp] WARNING | No heartbeat in the last 3010 ms (12 time(s) in a row).
2014-11-20 20:09:18.740 [IPEngineApp] WARNING | No heartbeat in the last 3010 ms (13 time(s) in a row).
2014-11-20 20:09:21.751 [IPEngineApp] WARNING | No heartbeat in the last 3010 ms (14 time(s) in a row).
2014-11-20 20:09:24.760 [IPEngineApp] WARNING | No heartbeat in the last 3010 ms (15 time(s) in a row).
2014-11-20 20:09:27.771 [IPEngineApp] WARNING | No heartbeat in the last 3010 ms (16 time(s) in a row).
2014-11-20 20:09:30.780 [IPEngineApp] WARNING | No heartbeat in the last 3010 ms (17 time(s) in a row).
2014-11-20 20:09:33.791 [IPEngineApp] WARNING | No heartbeat in the last 3010 ms (18 time(s) in a row).
2014-11-20 20:09:36.800 [IPEngineApp] WARNING | No heartbeat in the last 3010 ms (19 time(s) in a row).
2014-11-20 20:09:39.810 [IPEngineApp] WARNING | No heartbeat in the last 3010 ms (20 time(s) in a row).
2014-11-20 20:09:42.820 [IPEngineApp] WARNING | No heartbeat in the last 3010 ms (21 time(s) in a row).
2014-11-20 20:09:45.831 [IPEngineApp] WARNING | No heartbeat in the last 3010 ms (22 time(s) in a row).
2014-11-20 20:09:48.839 [IPEngineApp] WARNING | No heartbeat in the last 3010 ms (23 time(s) in a row).
2014-11-20 20:09:51.850 [IPEngineApp] WARNING | No heartbeat in the last 3010 ms (24 time(s) in a row).
2014-11-20 20:09:54.861 [IPEngineApp] WARNING | No heartbeat in the last 3010 ms (25 time(s) in a row).
2014-11-20 20:09:57.871 [IPEngineApp] WARNING | No heartbeat in the last 3010 ms (26 time(s) in a row).
2014-11-20 20:10:00.881 [IPEngineApp] WARNING | No heartbeat in the last 3010 ms (27 time(s) in a row).
2014-11-20 20:10:03.891 [IPEngineApp] WARNING | No heartbeat in the last 3010 ms (28 time(s) in a row).
2014-11-20 20:10:06.899 [IPEngineApp] WARNING | No heartbeat in the last 3010 ms (29 time(s) in a row).
2014-11-20 20:10:09.911 [IPEngineApp] WARNING | No heartbeat in the last 3010 ms (30 time(s) in a row).
2014-11-20 20:10:12.921 [IPEngineApp] WARNING | No heartbeat in the last 3010 ms (31 time(s) in a row).
2014-11-20 20:10:15.931 [IPEngineApp] WARNING | No heartbeat in the last 3010 ms (32 time(s) in a row).
2014-11-20 20:10:18.941 [IPEngineApp] WARNING | No heartbeat in the last 3010 ms (33 time(s) in a row).
2014-11-20 20:10:21.950 [IPEngineApp] WARNING | No heartbeat in the last 3010 ms (34 time(s) in a row).
2014-11-20 20:10:24.961 [IPEngineApp] WARNING | No heartbeat in the last 3010 ms (35 time(s) in a row).
2014-11-20 20:10:27.971 [IPEngineApp] WARNING | No heartbeat in the last 3010 ms (36 time(s) in a row).
2014-11-20 20:10:30.980 [IPEngineApp] WARNING | No heartbeat in the last 3010 ms (37 time(s) in a row).
2014-11-20 20:10:33.990 [IPEngineApp] WARNING | No heartbeat in the last 3010 ms (38 time(s) in a row).
2014-11-20 20:10:37.001 [IPEngineApp] WARNING | No heartbeat in the last 3010 ms (39 time(s) in a row).
2014-11-20 20:10:37.510 [IPEngineApp] CRITICAL | Engine Interrupted, shutting down...

